{"/Users/j.baumann.aguilar/Code/diablo3-vue-platzi/src/App.vue": {"path":"/Users/j.baumann.aguilar/Code/diablo3-vue-platzi/src/App.vue","statementMap":{"0":{"start":{"line":14,"column":0},"end":{"line":14,"column":null}},"1":{"start":{"line":16,"column":0},"end":{"line":16,"column":null}},"2":{"start":{"line":17,"column":0},"end":{"line":17,"column":null}},"3":{"start":{"line":18,"column":0},"end":{"line":18,"column":null}}},"fnMap":{},"branchMap":{},"s":{"0":1,"1":1,"2":1,"3":1},"f":{},"b":{}}
,"/Users/j.baumann.aguilar/Code/diablo3-vue-platzi/src/main.js": {"path":"/Users/j.baumann.aguilar/Code/diablo3-vue-platzi/src/main.js","statementMap":{"0":{"start":{"line":19,"column":0},"end":{"line":19,"column":32}},"1":{"start":{"line":21,"column":0},"end":{"line":33,"column":17}},"2":{"start":{"line":26,"column":6},"end":{"line":26,"column":60}},"3":{"start":{"line":30,"column":4},"end":{"line":30,"column":15}},"4":{"start":{"line":32,"column":15},"end":{"line":32,"column":21}}},"fnMap":{"0":{"name":"(anonymous_0)","decl":{"start":{"line":25,"column":4},"end":{"line":25,"column":5}},"loc":{"start":{"line":25,"column":12},"end":{"line":27,"column":5}},"line":25},"1":{"name":"(anonymous_1)","decl":{"start":{"line":29,"column":2},"end":{"line":29,"column":3}},"loc":{"start":{"line":29,"column":13},"end":{"line":31,"column":3}},"line":29},"2":{"name":"(anonymous_2)","decl":{"start":{"line":32,"column":10},"end":{"line":32,"column":11}},"loc":{"start":{"line":32,"column":15},"end":{"line":32,"column":21}},"line":32}},"branchMap":{},"s":{"0":0,"1":0,"2":0,"3":0,"4":0},"f":{"0":0,"1":0,"2":0},"b":{},"hash":"65dcfec919e688cb394eb355cb3411a02e3d9502"}
,"/Users/j.baumann.aguilar/Code/diablo3-vue-platzi/src/api/oauth.js": {"path":"/Users/j.baumann.aguilar/Code/diablo3-vue-platzi/src/api/oauth.js","statementMap":{"0":{"start":{"line":3,"column":15},"end":{"line":3,"column":19}},"1":{"start":{"line":4,"column":17},"end":{"line":4,"column":51}},"2":{"start":{"line":5,"column":21},"end":{"line":5,"column":55}},"3":{"start":{"line":6,"column":16},"end":{"line":6,"column":58}},"4":{"start":{"line":14,"column":15},"end":{"line":14,"column":29}},"5":{"start":{"line":15,"column":2},"end":{"line":15,"column":49}},"6":{"start":{"line":16,"column":17},"end":{"line":19,"column":3}},"7":{"start":{"line":21,"column":2},"end":{"line":21,"column":41}}},"fnMap":{"0":{"name":"getToken","decl":{"start":{"line":13,"column":9},"end":{"line":13,"column":17}},"loc":{"start":{"line":13,"column":21},"end":{"line":22,"column":1}},"line":13}},"branchMap":{},"s":{"0":0,"1":0,"2":0,"3":0,"4":0,"5":0,"6":0,"7":0},"f":{"0":0},"b":{},"hash":"429372295720145ee0383f50654fdbe6da753a7e"}
,"/Users/j.baumann.aguilar/Code/diablo3-vue-platzi/src/api/search.js": {"path":"/Users/j.baumann.aguilar/Code/diablo3-vue-platzi/src/api/search.js","statementMap":{"0":{"start":{"line":6,"column":17},"end":{"line":6,"column":27}},"1":{"start":{"line":7,"column":13},"end":{"line":7,"column":33}},"2":{"start":{"line":17,"column":19},"end":{"line":17,"column":43}},"3":{"start":{"line":18,"column":18},"end":{"line":18,"column":58}},"4":{"start":{"line":19,"column":17},"end":{"line":19,"column":32}},"5":{"start":{"line":21,"column":17},"end":{"line":24,"column":3}},"6":{"start":{"line":26,"column":2},"end":{"line":26,"column":33}},"7":{"start":{"line":38,"column":19},"end":{"line":38,"column":57}},"8":{"start":{"line":39,"column":18},"end":{"line":39,"column":58}},"9":{"start":{"line":40,"column":17},"end":{"line":40,"column":32}},"10":{"start":{"line":42,"column":17},"end":{"line":45,"column":3}},"11":{"start":{"line":47,"column":2},"end":{"line":47,"column":33}},"12":{"start":{"line":59,"column":19},"end":{"line":59,"column":63}},"13":{"start":{"line":60,"column":18},"end":{"line":60,"column":58}},"14":{"start":{"line":61,"column":17},"end":{"line":61,"column":32}},"15":{"start":{"line":63,"column":17},"end":{"line":66,"column":3}},"16":{"start":{"line":68,"column":2},"end":{"line":68,"column":33}}},"fnMap":{"0":{"name":"getApiAccount","decl":{"start":{"line":16,"column":9},"end":{"line":16,"column":22}},"loc":{"start":{"line":16,"column":45},"end":{"line":27,"column":1}},"line":16},"1":{"name":"getApiHero","decl":{"start":{"line":37,"column":9},"end":{"line":37,"column":19}},"loc":{"start":{"line":37,"column":50},"end":{"line":48,"column":1}},"line":37},"2":{"name":"getApiDetailedHeroItems","decl":{"start":{"line":58,"column":9},"end":{"line":58,"column":32}},"loc":{"start":{"line":58,"column":63},"end":{"line":69,"column":1}},"line":58}},"branchMap":{},"s":{"0":0,"1":0,"2":0,"3":0,"4":0,"5":0,"6":0,"7":0,"8":0,"9":0,"10":0,"11":0,"12":0,"13":0,"14":0,"15":0,"16":0},"f":{"0":0,"1":0,"2":0},"b":{},"hash":"9ce85060203e2bf0ac673c7bb5e82482cf49853b"}
,"/Users/j.baumann.aguilar/Code/diablo3-vue-platzi/src/api/season.js": {"path":"/Users/j.baumann.aguilar/Code/diablo3-vue-platzi/src/api/season.js","statementMap":{"0":{"start":{"line":5,"column":17},"end":{"line":5,"column":27}},"1":{"start":{"line":6,"column":13},"end":{"line":6,"column":33}},"2":{"start":{"line":15,"column":19},"end":{"line":15,"column":36}},"3":{"start":{"line":16,"column":18},"end":{"line":16,"column":58}},"4":{"start":{"line":18,"column":17},"end":{"line":20,"column":3}},"5":{"start":{"line":22,"column":2},"end":{"line":22,"column":33}}},"fnMap":{"0":{"name":"listSeasons","decl":{"start":{"line":14,"column":9},"end":{"line":14,"column":20}},"loc":{"start":{"line":14,"column":30},"end":{"line":23,"column":1}},"line":14}},"branchMap":{},"s":{"0":1,"1":1,"2":0,"3":0,"4":0,"5":0},"f":{"0":0},"b":{},"_coverageSchema":"43e27e138ebf9cfc5966b082cf9a028302ed4184","hash":"9364ba042856f64887951b4ffadf1510ae566e2d"}
,"/Users/j.baumann.aguilar/Code/diablo3-vue-platzi/src/components/BaseLoading.vue": {"path":"/Users/j.baumann.aguilar/Code/diablo3-vue-platzi/src/components/BaseLoading.vue","statementMap":{"0":{"start":{"line":20,"column":0},"end":{"line":20,"column":null}},"1":{"start":{"line":37,"column":0},"end":{"line":37,"column":null}}},"fnMap":{"0":{"name":"(anonymous_1)","decl":{"start":{"line":18,"column":0},"end":{"line":18,"column":null}},"loc":{"start":{"line":18,"column":0},"end":{"line":30,"column":null}}},"1":{"name":"(anonymous_2)","decl":{"start":{"line":36,"column":0},"end":{"line":36,"column":null}},"loc":{"start":{"line":36,"column":0},"end":{"line":38,"column":null}}}},"branchMap":{},"s":{"0":2,"1":2},"f":{"0":2,"1":2},"b":{}}
,"/Users/j.baumann.aguilar/Code/diablo3-vue-platzi/src/components/FooterBar/Index.vue": {"path":"/Users/j.baumann.aguilar/Code/diablo3-vue-platzi/src/components/FooterBar/Index.vue","statementMap":{"0":{"start":{"line":20,"column":0},"end":{"line":20,"column":null}},"1":{"start":{"line":21,"column":0},"end":{"line":21,"column":null}},"2":{"start":{"line":22,"column":0},"end":{"line":22,"column":null}},"3":{"start":{"line":28,"column":0},"end":{"line":28,"column":null}}},"fnMap":{"0":{"name":"(anonymous_1)","decl":{"start":{"line":27,"column":0},"end":{"line":27,"column":null}},"loc":{"start":{"line":27,"column":0},"end":{"line":56,"column":null}}}},"branchMap":{},"s":{"0":1,"1":1,"2":1,"3":0},"f":{"0":0},"b":{}}
,"/Users/j.baumann.aguilar/Code/diablo3-vue-platzi/src/components/HeaderBar/BreadcrumbBar.vue": {"path":"/Users/j.baumann.aguilar/Code/diablo3-vue-platzi/src/components/HeaderBar/BreadcrumbBar.vue","statementMap":{"0":{"start":{"line":8,"column":0},"end":{"line":8,"column":null}},"1":{"start":{"line":13,"column":0},"end":{"line":13,"column":null}},"2":{"start":{"line":20,"column":0},"end":{"line":20,"column":null}},"3":{"start":{"line":28,"column":0},"end":{"line":28,"column":null}},"4":{"start":{"line":29,"column":0},"end":{"line":29,"column":null}},"5":{"start":{"line":33,"column":0},"end":{"line":33,"column":null}},"6":{"start":{"line":37,"column":0},"end":{"line":37,"column":null}},"7":{"start":{"line":39,"column":0},"end":{"line":39,"column":null}},"8":{"start":{"line":40,"column":0},"end":{"line":40,"column":null}},"9":{"start":{"line":42,"column":0},"end":{"line":42,"column":null}},"10":{"start":{"line":43,"column":0},"end":{"line":43,"column":null}},"11":{"start":{"line":45,"column":0},"end":{"line":45,"column":null}},"12":{"start":{"line":49,"column":0},"end":{"line":49,"column":null}},"13":{"start":{"line":52,"column":0},"end":{"line":52,"column":null}},"14":{"start":{"line":53,"column":0},"end":{"line":53,"column":null}},"15":{"start":{"line":54,"column":0},"end":{"line":54,"column":null}},"16":{"start":{"line":57,"column":0},"end":{"line":57,"column":null}},"17":{"start":{"line":58,"column":0},"end":{"line":58,"column":null}},"18":{"start":{"line":59,"column":0},"end":{"line":60,"column":null}}},"fnMap":{"0":{"name":"(anonymous_1)","decl":{"start":{"line":12,"column":0},"end":{"line":12,"column":null}},"loc":{"start":{"line":12,"column":0},"end":{"line":16,"column":null}}},"1":{"name":"(anonymous_2)","decl":{"start":{"line":19,"column":0},"end":{"line":19,"column":null}},"loc":{"start":{"line":19,"column":0},"end":{"line":21,"column":null}}},"2":{"name":"(anonymous_3)","decl":{"start":{"line":27,"column":0},"end":{"line":27,"column":null}},"loc":{"start":{"line":27,"column":0},"end":{"line":30,"column":null}}},"3":{"name":"(anonymous_4)","decl":{"start":{"line":32,"column":0},"end":{"line":32,"column":null}},"loc":{"start":{"line":32,"column":0},"end":{"line":34,"column":null}}},"4":{"name":"(anonymous_5)","decl":{"start":{"line":36,"column":0},"end":{"line":36,"column":null}},"loc":{"start":{"line":36,"column":0},"end":{"line":47,"column":null}}},"5":{"name":"(anonymous_6)","decl":{"start":{"line":48,"column":0},"end":{"line":48,"column":null}},"loc":{"start":{"line":48,"column":0},"end":{"line":50,"column":null}}},"6":{"name":"(anonymous_7)","decl":{"start":{"line":51,"column":0},"end":{"line":51,"column":null}},"loc":{"start":{"line":51,"column":0},"end":{"line":55,"column":null}}},"7":{"name":"(anonymous_8)","decl":{"start":{"line":56,"column":0},"end":{"line":56,"column":null}},"loc":{"start":{"line":56,"column":0},"end":{"line":68,"column":null}}}},"branchMap":{"0":{"loc":{"start":{"line":38,"column":0},"end":{"line":40,"column":null}},"type":"switch","locations":[{"start":{"line":38,"column":0},"end":{"line":40,"column":null}},{"start":{"line":41,"column":0},"end":{"line":43,"column":null}},{"start":{"line":44,"column":0},"end":{"line":45,"column":null}}]}},"s":{"0":1,"1":0,"2":0,"3":0,"4":0,"5":0,"6":0,"7":0,"8":0,"9":0,"10":0,"11":0,"12":0,"13":0,"14":0,"15":0,"16":0,"17":0,"18":0},"f":{"0":0,"1":0,"2":0,"3":0,"4":0,"5":0,"6":0,"7":0},"b":{"0":[0,0,0]}}
,"/Users/j.baumann.aguilar/Code/diablo3-vue-platzi/src/components/HeaderBar/Index.vue": {"path":"/Users/j.baumann.aguilar/Code/diablo3-vue-platzi/src/components/HeaderBar/Index.vue","statementMap":{"0":{"start":{"line":27,"column":0},"end":{"line":27,"column":null}},"1":{"start":{"line":28,"column":0},"end":{"line":28,"column":null}},"2":{"start":{"line":29,"column":0},"end":{"line":29,"column":null}},"3":{"start":{"line":35,"column":0},"end":{"line":35,"column":null}},"4":{"start":{"line":40,"column":0},"end":{"line":40,"column":null}},"5":{"start":{"line":41,"column":0},"end":{"line":47,"column":null}},"6":{"start":{"line":43,"column":0},"end":{"line":43,"column":null}},"7":{"start":{"line":46,"column":0},"end":{"line":46,"column":null}}},"fnMap":{"0":{"name":"(anonymous_1)","decl":{"start":{"line":34,"column":0},"end":{"line":34,"column":null}},"loc":{"start":{"line":34,"column":0},"end":{"line":38,"column":null}}},"1":{"name":"(anonymous_2)","decl":{"start":{"line":39,"column":0},"end":{"line":39,"column":null}},"loc":{"start":{"line":39,"column":0},"end":{"line":48,"column":null}}},"2":{"name":"(anonymous_3)","decl":{"start":{"line":41,"column":0},"end":{"line":41,"column":null}},"loc":{"start":{"line":42,"column":0},"end":{"line":44,"column":null}}},"3":{"name":"(anonymous_4)","decl":{"start":{"line":44,"column":0},"end":{"line":44,"column":null}},"loc":{"start":{"line":44,"column":0},"end":{"line":47,"column":null}}}},"branchMap":{},"s":{"0":1,"1":1,"2":1,"3":0,"4":0,"5":0,"6":0,"7":0},"f":{"0":0,"1":0,"2":0,"3":0},"b":{}}
,"/Users/j.baumann.aguilar/Code/diablo3-vue-platzi/src/directives/diablo.js": {"path":"/Users/j.baumann.aguilar/Code/diablo3-vue-platzi/src/directives/diablo.js","statementMap":{"0":{"start":{"line":15,"column":18},"end":{"line":15,"column":55}},"1":{"start":{"line":18,"column":4},"end":{"line":18,"column":51}},"2":{"start":{"line":21,"column":16},"end":{"line":21,"column":57}},"3":{"start":{"line":22,"column":4},"end":{"line":27,"column":5}},"4":{"start":{"line":23,"column":6},"end":{"line":23,"column":33}},"5":{"start":{"line":26,"column":6},"end":{"line":26,"column":34}},"6":{"start":{"line":30,"column":4},"end":{"line":42,"column":5}},"7":{"start":{"line":32,"column":20},"end":{"line":32,"column":38}},"8":{"start":{"line":33,"column":24},"end":{"line":33,"column":56}},"9":{"start":{"line":35,"column":6},"end":{"line":41,"column":7}},"10":{"start":{"line":36,"column":8},"end":{"line":36,"column":41}},"11":{"start":{"line":37,"column":8},"end":{"line":37,"column":39}},"12":{"start":{"line":38,"column":13},"end":{"line":41,"column":7}},"13":{"start":{"line":39,"column":8},"end":{"line":39,"column":38}},"14":{"start":{"line":40,"column":8},"end":{"line":40,"column":36}}},"fnMap":{"0":{"name":"(anonymous_0)","decl":{"start":{"line":14,"column":2},"end":{"line":14,"column":3}},"loc":{"start":{"line":14,"column":28},"end":{"line":43,"column":3}},"line":14}},"branchMap":{"0":{"loc":{"start":{"line":21,"column":16},"end":{"line":21,"column":57}},"type":"cond-expr","locations":[{"start":{"line":21,"column":41},"end":{"line":21,"column":47}},{"start":{"line":21,"column":50},"end":{"line":21,"column":57}}],"line":21},"1":{"loc":{"start":{"line":22,"column":4},"end":{"line":27,"column":5}},"type":"if","locations":[{"start":{"line":22,"column":4},"end":{"line":27,"column":5}},{"start":{"line":22,"column":4},"end":{"line":27,"column":5}}],"line":22},"2":{"loc":{"start":{"line":30,"column":4},"end":{"line":42,"column":5}},"type":"if","locations":[{"start":{"line":30,"column":4},"end":{"line":42,"column":5}},{"start":{"line":30,"column":4},"end":{"line":42,"column":5}}],"line":30},"3":{"loc":{"start":{"line":32,"column":20},"end":{"line":32,"column":38}},"type":"binary-expr","locations":[{"start":{"line":32,"column":20},"end":{"line":32,"column":33}},{"start":{"line":32,"column":37},"end":{"line":32,"column":38}}],"line":32},"4":{"loc":{"start":{"line":35,"column":6},"end":{"line":41,"column":7}},"type":"if","locations":[{"start":{"line":35,"column":6},"end":{"line":41,"column":7}},{"start":{"line":35,"column":6},"end":{"line":41,"column":7}}],"line":35},"5":{"loc":{"start":{"line":38,"column":13},"end":{"line":41,"column":7}},"type":"if","locations":[{"start":{"line":38,"column":13},"end":{"line":41,"column":7}},{"start":{"line":38,"column":13},"end":{"line":41,"column":7}}],"line":38}},"s":{"0":0,"1":0,"2":0,"3":0,"4":0,"5":0,"6":0,"7":0,"8":0,"9":0,"10":0,"11":0,"12":0,"13":0,"14":0},"f":{"0":0},"b":{"0":[0,0],"1":[0,0],"2":[0,0],"3":[0,0],"4":[0,0],"5":[0,0]},"hash":"e8fc6e3c4e512f02f16c16010f7e19634592a307"}
,"/Users/j.baumann.aguilar/Code/diablo3-vue-platzi/src/directives/focus.js": {"path":"/Users/j.baumann.aguilar/Code/diablo3-vue-platzi/src/directives/focus.js","statementMap":{"0":{"start":{"line":4,"column":4},"end":{"line":4,"column":14}}},"fnMap":{"0":{"name":"(anonymous_0)","decl":{"start":{"line":3,"column":2},"end":{"line":3,"column":3}},"loc":{"start":{"line":3,"column":16},"end":{"line":5,"column":3}},"line":3}},"branchMap":{},"s":{"0":0},"f":{"0":0},"b":{},"hash":"74bc582a46a7a9910dbb077195eb2f1552712280"}
,"/Users/j.baumann.aguilar/Code/diablo3-vue-platzi/src/directives/index.js": {"path":"/Users/j.baumann.aguilar/Code/diablo3-vue-platzi/src/directives/index.js","statementMap":{"0":{"start":{"line":6,"column":0},"end":{"line":6,"column":29}},"1":{"start":{"line":8,"column":0},"end":{"line":8,"column":31}}},"fnMap":{},"branchMap":{},"s":{"0":0,"1":0},"f":{},"b":{},"hash":"c88b38b7d68e72acf65ce0356c6ddeaa84c8b2bd"}
,"/Users/j.baumann.aguilar/Code/diablo3-vue-platzi/src/filters/numeral.js": {"path":"/Users/j.baumann.aguilar/Code/diablo3-vue-platzi/src/filters/numeral.js","statementMap":{"0":{"start":{"line":3,"column":21},"end":{"line":8,"column":1}},"1":{"start":{"line":4,"column":2},"end":{"line":6,"column":3}},"2":{"start":{"line":5,"column":4},"end":{"line":5,"column":12}},"3":{"start":{"line":7,"column":2},"end":{"line":7,"column":38}}},"fnMap":{"0":{"name":"(anonymous_0)","decl":{"start":{"line":3,"column":21},"end":{"line":3,"column":22}},"loc":{"start":{"line":3,"column":30},"end":{"line":8,"column":1}},"line":3}},"branchMap":{"0":{"loc":{"start":{"line":4,"column":2},"end":{"line":6,"column":3}},"type":"if","locations":[{"start":{"line":4,"column":2},"end":{"line":6,"column":3}},{"start":{"line":4,"column":2},"end":{"line":6,"column":3}}],"line":4}},"s":{"0":0,"1":0,"2":0,"3":0},"f":{"0":0},"b":{"0":[0,0]},"hash":"34291a963b13b51d9339903424dddf9c0e64408d"}
,"/Users/j.baumann.aguilar/Code/diablo3-vue-platzi/src/layouts/MainLayout.vue": {"path":"/Users/j.baumann.aguilar/Code/diablo3-vue-platzi/src/layouts/MainLayout.vue","statementMap":{"0":{"start":{"line":15,"column":0},"end":{"line":15,"column":null}},"1":{"start":{"line":16,"column":0},"end":{"line":16,"column":null}}},"fnMap":{},"branchMap":{},"s":{"0":1,"1":1},"f":{},"b":{}}
,"/Users/j.baumann.aguilar/Code/diablo3-vue-platzi/src/mixins/goToHero.js": {"path":"/Users/j.baumann.aguilar/Code/diablo3-vue-platzi/src/mixins/goToHero.js","statementMap":{"0":{"start":{"line":8,"column":36},"end":{"line":8,"column":54}},"1":{"start":{"line":9,"column":6},"end":{"line":9,"column":80}}},"fnMap":{"0":{"name":"(anonymous_0)","decl":{"start":{"line":7,"column":4},"end":{"line":7,"column":5}},"loc":{"start":{"line":7,"column":22},"end":{"line":10,"column":5}},"line":7}},"branchMap":{},"s":{"0":0,"1":0},"f":{"0":0},"b":{},"hash":"c0721ba22b784a7489c54cfb1d9ee4873c98cc1f"}
,"/Users/j.baumann.aguilar/Code/diablo3-vue-platzi/src/mixins/heroName.js": {"path":"/Users/j.baumann.aguilar/Code/diablo3-vue-platzi/src/mixins/heroName.js","statementMap":{"0":{"start":{"line":6,"column":6},"end":{"line":6,"column":31}}},"fnMap":{"0":{"name":"(anonymous_0)","decl":{"start":{"line":5,"column":4},"end":{"line":5,"column":5}},"loc":{"start":{"line":5,"column":28},"end":{"line":7,"column":5}},"line":5}},"branchMap":{},"s":{"0":0},"f":{"0":0},"b":{},"hash":"68b435288f3db36cf1eaed3257f9d027521fff70"}
,"/Users/j.baumann.aguilar/Code/diablo3-vue-platzi/src/mixins/notFoundErr.js": {"path":"/Users/j.baumann.aguilar/Code/diablo3-vue-platzi/src/mixins/notFoundErr.js","statementMap":{"0":{"start":{"line":13,"column":6},"end":{"line":13,"column":27}}},"fnMap":{"0":{"name":"(anonymous_0)","decl":{"start":{"line":12,"column":4},"end":{"line":12,"column":5}},"loc":{"start":{"line":12,"column":25},"end":{"line":14,"column":5}},"line":12}},"branchMap":{},"s":{"0":0},"f":{"0":0},"b":{},"hash":"0f10206797064073860721ef041f7e8467df481a"}
,"/Users/j.baumann.aguilar/Code/diablo3-vue-platzi/src/mixins/resources.js": {"path":"/Users/j.baumann.aguilar/Code/diablo3-vue-platzi/src/mixins/resources.js","statementMap":{"0":{"start":{"line":1,"column":26},"end":{"line":9,"column":1}},"1":{"start":{"line":11,"column":28},"end":{"line":19,"column":1}},"2":{"start":{"line":29,"column":6},"end":{"line":29,"column":41}},"3":{"start":{"line":37,"column":6},"end":{"line":37,"column":43}}},"fnMap":{"0":{"name":"(anonymous_0)","decl":{"start":{"line":28,"column":4},"end":{"line":28,"column":5}},"loc":{"start":{"line":28,"column":34},"end":{"line":30,"column":5}},"line":28},"1":{"name":"(anonymous_1)","decl":{"start":{"line":36,"column":4},"end":{"line":36,"column":5}},"loc":{"start":{"line":36,"column":36},"end":{"line":38,"column":5}},"line":36}},"branchMap":{},"s":{"0":0,"1":0,"2":0,"3":0},"f":{"0":0,"1":0},"b":{},"hash":"0392ba9116a7ca6c3af99e698abfcdd2b7126a87"}
,"/Users/j.baumann.aguilar/Code/diablo3-vue-platzi/src/plugins/bootstrapVue.js": {"path":"/Users/j.baumann.aguilar/Code/diablo3-vue-platzi/src/plugins/bootstrapVue.js","statementMap":{"0":{"start":{"line":7,"column":0},"end":{"line":7,"column":21}}},"fnMap":{},"branchMap":{},"s":{"0":0},"f":{},"b":{},"hash":"d051eea9fc84e69c0e48118302f3a8c3d76050bb"}
,"/Users/j.baumann.aguilar/Code/diablo3-vue-platzi/src/plugins/fontAwesome.js": {"path":"/Users/j.baumann.aguilar/Code/diablo3-vue-platzi/src/plugins/fontAwesome.js","statementMap":{"0":{"start":{"line":8,"column":0},"end":{"line":21,"column":1}},"1":{"start":{"line":23,"column":0},"end":{"line":23,"column":51}}},"fnMap":{},"branchMap":{},"s":{"0":0,"1":0},"f":{},"b":{},"hash":"830431d28e716b406bd20445b992487527375309"}
,"/Users/j.baumann.aguilar/Code/diablo3-vue-platzi/src/router/index.js": {"path":"/Users/j.baumann.aguilar/Code/diablo3-vue-platzi/src/router/index.js","statementMap":{"0":{"start":{"line":4,"column":0},"end":{"line":4,"column":15}},"1":{"start":{"line":6,"column":22},"end":{"line":13,"column":1}},"2":{"start":{"line":15,"column":15},"end":{"line":20,"column":2}},"3":{"start":{"line":16,"column":2},"end":{"line":19,"column":3}},"4":{"start":{"line":18,"column":21},"end":{"line":18,"column":58}},"5":{"start":{"line":22,"column":15},"end":{"line":24,"column":2}}},"fnMap":{"0":{"name":"(anonymous_0)","decl":{"start":{"line":15,"column":33},"end":{"line":15,"column":34}},"loc":{"start":{"line":15,"column":38},"end":{"line":20,"column":1}},"line":15},"1":{"name":"(anonymous_1)","decl":{"start":{"line":18,"column":15},"end":{"line":18,"column":16}},"loc":{"start":{"line":18,"column":21},"end":{"line":18,"column":58}},"line":18}},"branchMap":{},"s":{"0":0,"1":0,"2":0,"3":0,"4":0,"5":0},"f":{"0":0,"1":0},"b":{},"hash":"182f792918aa0f3d029348fe94d57e6c5394d67c"}
,"/Users/j.baumann.aguilar/Code/diablo3-vue-platzi/src/store/index.js": {"path":"/Users/j.baumann.aguilar/Code/diablo3-vue-platzi/src/store/index.js","statementMap":{"0":{"start":{"line":8,"column":0},"end":{"line":8,"column":13}}},"fnMap":{},"branchMap":{},"s":{"0":1},"f":{},"b":{},"_coverageSchema":"43e27e138ebf9cfc5966b082cf9a028302ed4184","hash":"337e29f9acea643938baa530b7deec189a74e8c0"}
,"/Users/j.baumann.aguilar/Code/diablo3-vue-platzi/src/store/modules/error.js": {"path":"/Users/j.baumann.aguilar/Code/diablo3-vue-platzi/src/store/modules/error.js","statementMap":{"0":{"start":{"line":8,"column":6},"end":{"line":8,"column":27}}},"fnMap":{"0":{"name":"(anonymous_0)","decl":{"start":{"line":7,"column":4},"end":{"line":7,"column":5}},"loc":{"start":{"line":7,"column":31},"end":{"line":9,"column":5}},"line":7}},"branchMap":{},"s":{"0":0},"f":{"0":0},"b":{},"_coverageSchema":"43e27e138ebf9cfc5966b082cf9a028302ed4184","hash":"14e914d2de39a6a571c4764f21725683a2f869e6"}
,"/Users/j.baumann.aguilar/Code/diablo3-vue-platzi/src/store/modules/loading.js": {"path":"/Users/j.baumann.aguilar/Code/diablo3-vue-platzi/src/store/modules/loading.js","statementMap":{"0":{"start":{"line":8,"column":6},"end":{"line":8,"column":31}}},"fnMap":{"0":{"name":"(anonymous_0)","decl":{"start":{"line":7,"column":4},"end":{"line":7,"column":5}},"loc":{"start":{"line":7,"column":33},"end":{"line":9,"column":5}},"line":7}},"branchMap":{},"s":{"0":0},"f":{"0":0},"b":{},"_coverageSchema":"43e27e138ebf9cfc5966b082cf9a028302ed4184","hash":"e038ed06da50ae15f7a8a694f30080817baee0d0"}
,"/Users/j.baumann.aguilar/Code/diablo3-vue-platzi/src/store/modules/oauth.js": {"path":"/Users/j.baumann.aguilar/Code/diablo3-vue-platzi/src/store/modules/oauth.js","statementMap":{"0":{"start":{"line":3,"column":17},"end":{"line":3,"column":51}},"1":{"start":{"line":4,"column":21},"end":{"line":4,"column":55}},"2":{"start":{"line":13,"column":6},"end":{"line":13,"column":33}},"3":{"start":{"line":18,"column":6},"end":{"line":18,"column":57}},"4":{"start":{"line":20,"column":19},"end":{"line":20,"column":33}},"5":{"start":{"line":21,"column":6},"end":{"line":21,"column":53}},"6":{"start":{"line":22,"column":21},"end":{"line":25,"column":7}},"7":{"start":{"line":27,"column":6},"end":{"line":39,"column":10}},"8":{"start":{"line":29,"column":10},"end":{"line":29,"column":55}},"9":{"start":{"line":32,"column":10},"end":{"line":32,"column":42}},"10":{"start":{"line":33,"column":10},"end":{"line":33,"column":40}},"11":{"start":{"line":34,"column":10},"end":{"line":34,"column":34}},"12":{"start":{"line":38,"column":10},"end":{"line":38,"column":62}},"13":{"start":{"line":44,"column":21},"end":{"line":44,"column":25}},"14":{"start":{"line":45,"column":6},"end":{"line":45,"column":55}}},"fnMap":{"0":{"name":"(anonymous_0)","decl":{"start":{"line":12,"column":4},"end":{"line":12,"column":5}},"loc":{"start":{"line":12,"column":38},"end":{"line":14,"column":5}},"line":12},"1":{"name":"(anonymous_1)","decl":{"start":{"line":17,"column":4},"end":{"line":17,"column":5}},"loc":{"start":{"line":17,"column":35},"end":{"line":40,"column":5}},"line":17},"2":{"name":"(anonymous_2)","decl":{"start":{"line":28,"column":14},"end":{"line":28,"column":15}},"loc":{"start":{"line":28,"column":28},"end":{"line":30,"column":9}},"line":28},"3":{"name":"(anonymous_3)","decl":{"start":{"line":31,"column":15},"end":{"line":31,"column":16}},"loc":{"start":{"line":31,"column":24},"end":{"line":36,"column":9}},"line":31},"4":{"name":"(anonymous_4)","decl":{"start":{"line":37,"column":17},"end":{"line":37,"column":18}},"loc":{"start":{"line":37,"column":23},"end":{"line":39,"column":9}},"line":37},"5":{"name":"(anonymous_5)","decl":{"start":{"line":43,"column":14},"end":{"line":43,"column":15}},"loc":{"start":{"line":43,"column":20},"end":{"line":46,"column":5}},"line":43}},"branchMap":{},"s":{"0":1,"1":1,"2":0,"3":0,"4":0,"5":0,"6":0,"7":0,"8":0,"9":0,"10":0,"11":0,"12":0,"13":0,"14":0},"f":{"0":0,"1":0,"2":0,"3":0,"4":0,"5":0},"b":{},"_coverageSchema":"43e27e138ebf9cfc5966b082cf9a028302ed4184","hash":"be8c7b23e76ef90dd12a86a90cd635326be47e00"}
,"/Users/j.baumann.aguilar/Code/diablo3-vue-platzi/src/utils/heroClasses.js": {"path":"/Users/j.baumann.aguilar/Code/diablo3-vue-platzi/src/utils/heroClasses.js","statementMap":{"0":{"start":{"line":1,"column":16},"end":{"line":9,"column":1}}},"fnMap":{},"branchMap":{},"s":{"0":0},"f":{},"b":{},"hash":"84013872468c2688162ba8667ee5ebdab3d8d5a9"}
,"/Users/j.baumann.aguilar/Code/diablo3-vue-platzi/src/utils/regions.js": {"path":"/Users/j.baumann.aguilar/Code/diablo3-vue-platzi/src/utils/regions.js","statementMap":{"0":{"start":{"line":3,"column":16},"end":{"line":3,"column":42}},"1":{"start":{"line":5,"column":16},"end":{"line":10,"column":1}}},"fnMap":{},"branchMap":{},"s":{"0":0,"1":0},"f":{},"b":{},"hash":"5fb6746a1e739ec6f257fb1471d4dfe4ac6d5325"}
,"/Users/j.baumann.aguilar/Code/diablo3-vue-platzi/src/utils/typeValidation.js": {"path":"/Users/j.baumann.aguilar/Code/diablo3-vue-platzi/src/utils/typeValidation.js","statementMap":{"0":{"start":{"line":9,"column":2},"end":{"line":9,"column":18}},"1":{"start":{"line":10,"column":2},"end":{"line":10,"column":18}},"2":{"start":{"line":11,"column":2},"end":{"line":11,"column":28}}},"fnMap":{"0":{"name":"HeroData","decl":{"start":{"line":8,"column":9},"end":{"line":8,"column":17}},"loc":{"start":{"line":8,"column":42},"end":{"line":12,"column":1}},"line":8}},"branchMap":{},"s":{"0":0,"1":0,"2":0},"f":{"0":0},"b":{},"hash":"0b9e337ec7419a154baea028320e210bf740a0e3"}
,"/Users/j.baumann.aguilar/Code/diablo3-vue-platzi/src/views/Error/Index.vue": {"path":"/Users/j.baumann.aguilar/Code/diablo3-vue-platzi/src/views/Error/Index.vue","statementMap":{"0":{"start":{"line":35,"column":0},"end":{"line":35,"column":null}},"1":{"start":{"line":36,"column":0},"end":{"line":36,"column":null}},"2":{"start":{"line":48,"column":0},"end":{"line":48,"column":null}},"3":{"start":{"line":49,"column":0},"end":{"line":49,"column":null}}},"fnMap":{"0":{"name":"(anonymous_1)","decl":{"start":{"line":46,"column":0},"end":{"line":46,"column":null}},"loc":{"start":{"line":46,"column":0},"end":{"line":50,"column":null}}}},"branchMap":{},"s":{"0":0,"1":0,"2":0,"3":0},"f":{"0":0},"b":{}}
,"/Users/j.baumann.aguilar/Code/diablo3-vue-platzi/src/views/Hero/HeroDetailHeader.vue": {"path":"/Users/j.baumann.aguilar/Code/diablo3-vue-platzi/src/views/Hero/HeroDetailHeader.vue","statementMap":{"0":{"start":{"line":50,"column":0},"end":{"line":50,"column":null}},"1":{"start":{"line":63,"column":0},"end":{"line":63,"column":null}},"2":{"start":{"line":64,"column":0},"end":{"line":64,"column":null}}},"fnMap":{"0":{"name":"(anonymous_1)","decl":{"start":{"line":62,"column":0},"end":{"line":62,"column":null}},"loc":{"start":{"line":62,"column":0},"end":{"line":65,"column":null}}}},"branchMap":{"0":{"loc":{"start":{"line":63,"column":0},"end":{"line":63,"column":null}},"type":"cond-expr","locations":[{"start":{"line":63,"column":0},"end":{"line":63,"column":null}},{"start":{"line":63,"column":0},"end":{"line":63,"column":null}}]}},"s":{"0":0,"1":0,"2":0},"f":{"0":0},"b":{"0":[0,0]}}
,"/Users/j.baumann.aguilar/Code/diablo3-vue-platzi/src/views/Hero/Index.vue": {"path":"/Users/j.baumann.aguilar/Code/diablo3-vue-platzi/src/views/Hero/Index.vue","statementMap":{"0":{"start":{"line":27,"column":0},"end":{"line":27,"column":null}},"1":{"start":{"line":28,"column":0},"end":{"line":28,"column":null}},"2":{"start":{"line":29,"column":0},"end":{"line":29,"column":null}},"3":{"start":{"line":30,"column":0},"end":{"line":30,"column":null}},"4":{"start":{"line":31,"column":0},"end":{"line":31,"column":null}},"5":{"start":{"line":32,"column":0},"end":{"line":32,"column":null}},"6":{"start":{"line":33,"column":0},"end":{"line":33,"column":null}},"7":{"start":{"line":40,"column":0},"end":{"line":40,"column":null}},"8":{"start":{"line":49,"column":0},"end":{"line":49,"column":null}},"9":{"start":{"line":61,"column":0},"end":{"line":61,"column":null}},"10":{"start":{"line":74,"column":0},"end":{"line":74,"column":null}},"11":{"start":{"line":78,"column":0},"end":{"line":78,"column":null}},"12":{"start":{"line":79,"column":0},"end":{"line":79,"column":null}},"13":{"start":{"line":80,"column":0},"end":{"line":80,"column":null}},"14":{"start":{"line":82,"column":0},"end":{"line":101,"column":null}},"15":{"start":{"line":84,"column":0},"end":{"line":84,"column":null}},"16":{"start":{"line":87,"column":0},"end":{"line":87,"column":null}},"17":{"start":{"line":88,"column":0},"end":{"line":88,"column":null}},"18":{"start":{"line":92,"column":0},"end":{"line":95,"column":null}},"19":{"start":{"line":93,"column":0},"end":{"line":93,"column":null}},"20":{"start":{"line":94,"column":0},"end":{"line":94,"column":null}},"21":{"start":{"line":96,"column":0},"end":{"line":96,"column":null}},"22":{"start":{"line":97,"column":0},"end":{"line":97,"column":null}},"23":{"start":{"line":100,"column":0},"end":{"line":100,"column":null}},"24":{"start":{"line":103,"column":0},"end":{"line":113,"column":null}},"25":{"start":{"line":105,"column":0},"end":{"line":105,"column":null}},"26":{"start":{"line":108,"column":0},"end":{"line":108,"column":null}},"27":{"start":{"line":109,"column":0},"end":{"line":109,"column":null}},"28":{"start":{"line":112,"column":0},"end":{"line":112,"column":null}}},"fnMap":{"0":{"name":"(anonymous_1)","decl":{"start":{"line":39,"column":0},"end":{"line":39,"column":null}},"loc":{"start":{"line":39,"column":0},"end":{"line":46,"column":null}}},"1":{"name":"(anonymous_2)","decl":{"start":{"line":48,"column":0},"end":{"line":48,"column":null}},"loc":{"start":{"line":48,"column":0},"end":{"line":72,"column":null}}},"2":{"name":"(anonymous_3)","decl":{"start":{"line":73,"column":0},"end":{"line":73,"column":null}},"loc":{"start":{"line":73,"column":0},"end":{"line":75,"column":null}}},"3":{"name":"(anonymous_4)","decl":{"start":{"line":77,"column":0},"end":{"line":77,"column":null}},"loc":{"start":{"line":77,"column":0},"end":{"line":114,"column":null}}},"4":{"name":"(anonymous_5)","decl":{"start":{"line":82,"column":0},"end":{"line":82,"column":null}},"loc":{"start":{"line":83,"column":0},"end":{"line":85,"column":null}}},"5":{"name":"(anonymous_6)","decl":{"start":{"line":85,"column":0},"end":{"line":85,"column":null}},"loc":{"start":{"line":85,"column":0},"end":{"line":98,"column":null}}},"6":{"name":"(anonymous_7)","decl":{"start":{"line":98,"column":0},"end":{"line":98,"column":null}},"loc":{"start":{"line":98,"column":0},"end":{"line":101,"column":null}}},"7":{"name":"(anonymous_8)","decl":{"start":{"line":103,"column":0},"end":{"line":103,"column":null}},"loc":{"start":{"line":104,"column":0},"end":{"line":106,"column":null}}},"8":{"name":"(anonymous_9)","decl":{"start":{"line":106,"column":0},"end":{"line":106,"column":null}},"loc":{"start":{"line":106,"column":0},"end":{"line":110,"column":null}}},"9":{"name":"(anonymous_10)","decl":{"start":{"line":110,"column":0},"end":{"line":110,"column":null}},"loc":{"start":{"line":110,"column":0},"end":{"line":113,"column":null}}}},"branchMap":{"0":{"loc":{"start":{"line":92,"column":0},"end":{"line":95,"column":null}},"type":"if","locations":[{"start":{"line":92,"column":0},"end":{"line":95,"column":null}},{"start":{"line":92,"column":0},"end":{"line":95,"column":null}}]}},"s":{"0":0,"1":0,"2":0,"3":0,"4":0,"5":0,"6":0,"7":0,"8":0,"9":0,"10":0,"11":0,"12":0,"13":0,"14":0,"15":0,"16":0,"17":0,"18":0,"19":0,"20":0,"21":0,"22":0,"23":0,"24":0,"25":0,"26":0,"27":0,"28":0},"f":{"0":0,"1":0,"2":0,"3":0,"4":0,"5":0,"6":0,"7":0,"8":0,"9":0},"b":{"0":[0,0]}}
,"/Users/j.baumann.aguilar/Code/diablo3-vue-platzi/src/views/Hero/GearBonuses/AttributeList.vue": {"path":"/Users/j.baumann.aguilar/Code/diablo3-vue-platzi/src/views/Hero/GearBonuses/AttributeList.vue","statementMap":{"0":{"start":{"line":13,"column":0},"end":{"line":13,"column":null}}},"fnMap":{},"branchMap":{},"s":{"0":0},"f":{},"b":{}}
,"/Users/j.baumann.aguilar/Code/diablo3-vue-platzi/src/views/Hero/GearBonuses/HeroResources.vue": {"path":"/Users/j.baumann.aguilar/Code/diablo3-vue-platzi/src/views/Hero/GearBonuses/HeroResources.vue","statementMap":{"0":{"start":{"line":41,"column":0},"end":{"line":41,"column":null}},"1":{"start":{"line":42,"column":0},"end":{"line":42,"column":null}},"2":{"start":{"line":58,"column":0},"end":{"line":58,"column":null}},"3":{"start":{"line":61,"column":0},"end":{"line":61,"column":null}},"4":{"start":{"line":64,"column":0},"end":{"line":64,"column":null}}},"fnMap":{"0":{"name":"(anonymous_1)","decl":{"start":{"line":57,"column":0},"end":{"line":57,"column":null}},"loc":{"start":{"line":57,"column":0},"end":{"line":59,"column":null}}},"1":{"name":"(anonymous_2)","decl":{"start":{"line":60,"column":0},"end":{"line":60,"column":null}},"loc":{"start":{"line":60,"column":0},"end":{"line":62,"column":null}}},"2":{"name":"(anonymous_3)","decl":{"start":{"line":63,"column":0},"end":{"line":63,"column":null}},"loc":{"start":{"line":63,"column":0},"end":{"line":65,"column":null}}}},"branchMap":{},"s":{"0":0,"1":0,"2":0,"3":0,"4":0},"f":{"0":0,"1":0,"2":0},"b":{}}
,"/Users/j.baumann.aguilar/Code/diablo3-vue-platzi/src/views/Hero/GearBonuses/Index.vue": {"path":"/Users/j.baumann.aguilar/Code/diablo3-vue-platzi/src/views/Hero/GearBonuses/Index.vue","statementMap":{"0":{"start":{"line":32,"column":0},"end":{"line":32,"column":null}},"1":{"start":{"line":33,"column":0},"end":{"line":33,"column":null}},"2":{"start":{"line":35,"column":0},"end":{"line":35,"column":null}},"3":{"start":{"line":36,"column":0},"end":{"line":36,"column":null}},"4":{"start":{"line":37,"column":0},"end":{"line":37,"column":null}},"5":{"start":{"line":50,"column":0},"end":{"line":50,"column":null}},"6":{"start":{"line":53,"column":0},"end":{"line":53,"column":null}},"7":{"start":{"line":56,"column":0},"end":{"line":56,"column":null}},"8":{"start":{"line":60,"column":0},"end":{"line":62,"column":null}},"9":{"start":{"line":61,"column":0},"end":{"line":61,"column":null}},"10":{"start":{"line":63,"column":0},"end":{"line":63,"column":null}}},"fnMap":{"0":{"name":"(anonymous_1)","decl":{"start":{"line":49,"column":0},"end":{"line":49,"column":null}},"loc":{"start":{"line":49,"column":0},"end":{"line":51,"column":null}}},"1":{"name":"(anonymous_2)","decl":{"start":{"line":50,"column":0},"end":{"line":50,"column":null}},"loc":{"start":{"line":50,"column":0},"end":{"line":50,"column":null}}},"2":{"name":"(anonymous_3)","decl":{"start":{"line":52,"column":0},"end":{"line":52,"column":null}},"loc":{"start":{"line":52,"column":0},"end":{"line":54,"column":null}}},"3":{"name":"(anonymous_4)","decl":{"start":{"line":53,"column":0},"end":{"line":53,"column":null}},"loc":{"start":{"line":53,"column":0},"end":{"line":53,"column":null}}},"4":{"name":"(anonymous_5)","decl":{"start":{"line":55,"column":0},"end":{"line":55,"column":null}},"loc":{"start":{"line":55,"column":0},"end":{"line":64,"column":null}}},"5":{"name":"(anonymous_6)","decl":{"start":{"line":60,"column":0},"end":{"line":60,"column":null}},"loc":{"start":{"line":60,"column":0},"end":{"line":62,"column":null}}}},"branchMap":{},"s":{"0":0,"1":0,"2":0,"3":0,"4":0,"5":0,"6":0,"7":0,"8":0,"9":0,"10":0},"f":{"0":0,"1":0,"2":0,"3":0,"4":0,"5":0},"b":{}}
,"/Users/j.baumann.aguilar/Code/diablo3-vue-platzi/src/views/Hero/HeroItems/Index.vue": {"path":"/Users/j.baumann.aguilar/Code/diablo3-vue-platzi/src/views/Hero/HeroItems/Index.vue","statementMap":{"0":{"start":{"line":74,"column":0},"end":{"line":74,"column":null}},"1":{"start":{"line":76,"column":0},"end":{"line":76,"column":null}},"2":{"start":{"line":130,"column":0},"end":{"line":130,"column":null}}},"fnMap":{"0":{"name":"(anonymous_1)","decl":{"start":{"line":128,"column":0},"end":{"line":128,"column":null}},"loc":{"start":{"line":128,"column":0},"end":{"line":134,"column":null}}}},"branchMap":{},"s":{"0":0,"1":0,"2":0},"f":{"0":0},"b":{}}
,"/Users/j.baumann.aguilar/Code/diablo3-vue-platzi/src/views/Hero/HeroItems/ItemDetail.vue": {"path":"/Users/j.baumann.aguilar/Code/diablo3-vue-platzi/src/views/Hero/HeroItems/ItemDetail.vue","statementMap":{"0":{"start":{"line":34,"column":0},"end":{"line":34,"column":null}},"1":{"start":{"line":47,"column":0},"end":{"line":47,"column":null}},"2":{"start":{"line":48,"column":0},"end":{"line":48,"column":null}},"3":{"start":{"line":51,"column":0},"end":{"line":51,"column":null}},"4":{"start":{"line":54,"column":0},"end":{"line":54,"column":null}},"5":{"start":{"line":57,"column":0},"end":{"line":59,"column":null}},"6":{"start":{"line":58,"column":0},"end":{"line":58,"column":null}},"7":{"start":{"line":60,"column":0},"end":{"line":60,"column":null}}},"fnMap":{"0":{"name":"(anonymous_1)","decl":{"start":{"line":46,"column":0},"end":{"line":46,"column":null}},"loc":{"start":{"line":46,"column":0},"end":{"line":49,"column":null}}},"1":{"name":"(anonymous_2)","decl":{"start":{"line":50,"column":0},"end":{"line":50,"column":null}},"loc":{"start":{"line":50,"column":0},"end":{"line":52,"column":null}}},"2":{"name":"(anonymous_3)","decl":{"start":{"line":53,"column":0},"end":{"line":53,"column":null}},"loc":{"start":{"line":53,"column":0},"end":{"line":55,"column":null}}},"3":{"name":"(anonymous_4)","decl":{"start":{"line":56,"column":0},"end":{"line":56,"column":null}},"loc":{"start":{"line":56,"column":0},"end":{"line":61,"column":null}}}},"branchMap":{"0":{"loc":{"start":{"line":41,"column":0},"end":{"line":41,"column":null}},"type":"binary-expr","locations":[{"start":{"line":41,"column":0},"end":{"line":41,"column":null}},{"start":{"line":41,"column":0},"end":{"line":41,"column":null}}]},"1":{"loc":{"start":{"line":54,"column":0},"end":{"line":54,"column":null}},"type":"cond-expr","locations":[{"start":{"line":54,"column":0},"end":{"line":54,"column":null}},{"start":{"line":54,"column":0},"end":{"line":54,"column":null}}]},"2":{"loc":{"start":{"line":57,"column":0},"end":{"line":59,"column":null}},"type":"if","locations":[{"start":{"line":57,"column":0},"end":{"line":59,"column":null}},{"start":{"line":57,"column":0},"end":{"line":59,"column":null}}]}},"s":{"0":0,"1":0,"2":0,"3":0,"4":0,"5":0,"6":0,"7":0},"f":{"0":0,"1":0,"2":0,"3":0},"b":{"0":[0,0],"1":[0,0],"2":[0,0]}}
,"/Users/j.baumann.aguilar/Code/diablo3-vue-platzi/src/views/Hero/HeroItems/ItemDetailGem.vue": {"path":"/Users/j.baumann.aguilar/Code/diablo3-vue-platzi/src/views/Hero/HeroItems/ItemDetailGem.vue","statementMap":{"0":{"start":{"line":16,"column":0},"end":{"line":16,"column":null}},"1":{"start":{"line":17,"column":0},"end":{"line":17,"column":null}}},"fnMap":{"0":{"name":"(anonymous_1)","decl":{"start":{"line":15,"column":0},"end":{"line":15,"column":null}},"loc":{"start":{"line":15,"column":0},"end":{"line":18,"column":null}}}},"branchMap":{},"s":{"0":0,"1":0},"f":{"0":0},"b":{}}
,"/Users/j.baumann.aguilar/Code/diablo3-vue-platzi/src/views/Hero/Skills/ActiveSkill.vue": {"path":"/Users/j.baumann.aguilar/Code/diablo3-vue-platzi/src/views/Hero/Skills/ActiveSkill.vue","statementMap":{"0":{"start":{"line":39,"column":0},"end":{"line":39,"column":null}},"1":{"start":{"line":40,"column":0},"end":{"line":40,"column":null}},"2":{"start":{"line":41,"column":0},"end":{"line":41,"column":null}},"3":{"start":{"line":44,"column":0},"end":{"line":44,"column":null}}},"fnMap":{"0":{"name":"(anonymous_1)","decl":{"start":{"line":38,"column":0},"end":{"line":38,"column":null}},"loc":{"start":{"line":38,"column":0},"end":{"line":42,"column":null}}},"1":{"name":"(anonymous_2)","decl":{"start":{"line":43,"column":0},"end":{"line":43,"column":null}},"loc":{"start":{"line":43,"column":0},"end":{"line":45,"column":null}}}},"branchMap":{"0":{"loc":{"start":{"line":34,"column":0},"end":{"line":34,"column":null}},"type":"binary-expr","locations":[{"start":{"line":34,"column":0},"end":{"line":34,"column":null}},{"start":{"line":34,"column":0},"end":{"line":34,"column":null}}]}},"s":{"0":0,"1":0,"2":0,"3":0},"f":{"0":0,"1":0},"b":{"0":[0,0]}}
,"/Users/j.baumann.aguilar/Code/diablo3-vue-platzi/src/views/Hero/Skills/ActiveSkills.vue": {"path":"/Users/j.baumann.aguilar/Code/diablo3-vue-platzi/src/views/Hero/Skills/ActiveSkills.vue","statementMap":{"0":{"start":{"line":17,"column":0},"end":{"line":17,"column":null}}},"fnMap":{},"branchMap":{},"s":{"0":0},"f":{},"b":{}}
,"/Users/j.baumann.aguilar/Code/diablo3-vue-platzi/src/views/Hero/Skills/Index.vue": {"path":"/Users/j.baumann.aguilar/Code/diablo3-vue-platzi/src/views/Hero/Skills/Index.vue","statementMap":{"0":{"start":{"line":30,"column":0},"end":{"line":30,"column":null}},"1":{"start":{"line":31,"column":0},"end":{"line":31,"column":null}},"2":{"start":{"line":40,"column":0},"end":{"line":40,"column":null}},"3":{"start":{"line":50,"column":0},"end":{"line":50,"column":null}},"4":{"start":{"line":53,"column":0},"end":{"line":53,"column":null}},"5":{"start":{"line":58,"column":0},"end":{"line":58,"column":null}}},"fnMap":{"0":{"name":"(anonymous_1)","decl":{"start":{"line":30,"column":0},"end":{"line":30,"column":null}},"loc":{"start":{"line":30,"column":0},"end":{"line":30,"column":null}}},"1":{"name":"(anonymous_3)","decl":{"start":{"line":31,"column":0},"end":{"line":31,"column":null}},"loc":{"start":{"line":31,"column":0},"end":{"line":31,"column":null}}},"2":{"name":"(anonymous_5)","decl":{"start":{"line":39,"column":0},"end":{"line":39,"column":null}},"loc":{"start":{"line":39,"column":0},"end":{"line":43,"column":null}}},"3":{"name":"(anonymous_6)","decl":{"start":{"line":49,"column":0},"end":{"line":49,"column":null}},"loc":{"start":{"line":49,"column":0},"end":{"line":51,"column":null}}},"4":{"name":"(anonymous_7)","decl":{"start":{"line":52,"column":0},"end":{"line":52,"column":null}},"loc":{"start":{"line":52,"column":0},"end":{"line":54,"column":null}}},"5":{"name":"(anonymous_8)","decl":{"start":{"line":57,"column":0},"end":{"line":57,"column":null}},"loc":{"start":{"line":57,"column":0},"end":{"line":59,"column":null}}}},"branchMap":{"0":{"loc":{"start":{"line":50,"column":0},"end":{"line":50,"column":null}},"type":"cond-expr","locations":[{"start":{"line":50,"column":0},"end":{"line":50,"column":null}},{"start":{"line":50,"column":0},"end":{"line":50,"column":null}}]}},"s":{"0":0,"1":0,"2":0,"3":0,"4":0,"5":0},"f":{"0":0,"1":0,"2":0,"3":0,"4":0,"5":0},"b":{"0":[0,0]}}
,"/Users/j.baumann.aguilar/Code/diablo3-vue-platzi/src/views/Hero/Skills/PassiveSkill.vue": {"path":"/Users/j.baumann.aguilar/Code/diablo3-vue-platzi/src/views/Hero/Skills/PassiveSkill.vue","statementMap":{"0":{"start":{"line":27,"column":0},"end":{"line":27,"column":null}},"1":{"start":{"line":28,"column":0},"end":{"line":28,"column":null}},"2":{"start":{"line":29,"column":0},"end":{"line":29,"column":null}}},"fnMap":{"0":{"name":"(anonymous_1)","decl":{"start":{"line":26,"column":0},"end":{"line":26,"column":null}},"loc":{"start":{"line":26,"column":0},"end":{"line":30,"column":null}}}},"branchMap":{},"s":{"0":0,"1":0,"2":0},"f":{"0":0},"b":{}}
,"/Users/j.baumann.aguilar/Code/diablo3-vue-platzi/src/views/Hero/Skills/PassiveSkills.vue": {"path":"/Users/j.baumann.aguilar/Code/diablo3-vue-platzi/src/views/Hero/Skills/PassiveSkills.vue","statementMap":{"0":{"start":{"line":15,"column":0},"end":{"line":15,"column":null}}},"fnMap":{},"branchMap":{},"s":{"0":0},"f":{},"b":{}}
,"/Users/j.baumann.aguilar/Code/diablo3-vue-platzi/src/views/Home/HomeForm.vue": {"path":"/Users/j.baumann.aguilar/Code/diablo3-vue-platzi/src/views/Home/HomeForm.vue","statementMap":{"0":{"start":{"line":48,"column":0},"end":{"line":48,"column":null}},"1":{"start":{"line":53,"column":0},"end":{"line":53,"column":null}},"2":{"start":{"line":62,"column":0},"end":{"line":62,"column":null}},"3":{"start":{"line":67,"column":0},"end":{"line":67,"column":null}},"4":{"start":{"line":68,"column":0},"end":{"line":68,"column":null}}},"fnMap":{"0":{"name":"(anonymous_1)","decl":{"start":{"line":52,"column":0},"end":{"line":52,"column":null}},"loc":{"start":{"line":52,"column":0},"end":{"line":59,"column":null}}},"1":{"name":"(anonymous_2)","decl":{"start":{"line":61,"column":0},"end":{"line":61,"column":null}},"loc":{"start":{"line":61,"column":0},"end":{"line":63,"column":null}}},"2":{"name":"(anonymous_3)","decl":{"start":{"line":62,"column":0},"end":{"line":62,"column":null}},"loc":{"start":{"line":62,"column":0},"end":{"line":62,"column":null}}},"3":{"name":"(anonymous_4)","decl":{"start":{"line":66,"column":0},"end":{"line":66,"column":null}},"loc":{"start":{"line":66,"column":0},"end":{"line":69,"column":null}}}},"branchMap":{},"s":{"0":0,"1":0,"2":0,"3":0,"4":0},"f":{"0":0,"1":0,"2":0,"3":0},"b":{}}
,"/Users/j.baumann.aguilar/Code/diablo3-vue-platzi/src/views/Home/Index.vue": {"path":"/Users/j.baumann.aguilar/Code/diablo3-vue-platzi/src/views/Home/Index.vue","statementMap":{"0":{"start":{"line":12,"column":0},"end":{"line":12,"column":null}},"1":{"start":{"line":13,"column":0},"end":{"line":13,"column":null}}},"fnMap":{},"branchMap":{},"s":{"0":0,"1":0},"f":{},"b":{}}
,"/Users/j.baumann.aguilar/Code/diablo3-vue-platzi/src/views/Profile/Index.vue": {"path":"/Users/j.baumann.aguilar/Code/diablo3-vue-platzi/src/views/Profile/Index.vue","statementMap":{"0":{"start":{"line":19,"column":0},"end":{"line":19,"column":null}},"1":{"start":{"line":20,"column":0},"end":{"line":20,"column":null}},"2":{"start":{"line":22,"column":0},"end":{"line":22,"column":null}},"3":{"start":{"line":23,"column":0},"end":{"line":23,"column":null}},"4":{"start":{"line":24,"column":0},"end":{"line":24,"column":null}},"5":{"start":{"line":31,"column":0},"end":{"line":31,"column":null}},"6":{"start":{"line":38,"column":0},"end":{"line":38,"column":null}},"7":{"start":{"line":49,"column":0},"end":{"line":49,"column":null}},"8":{"start":{"line":50,"column":0},"end":{"line":50,"column":null}},"9":{"start":{"line":52,"column":0},"end":{"line":71,"column":null}},"10":{"start":{"line":54,"column":0},"end":{"line":54,"column":null}},"11":{"start":{"line":57,"column":0},"end":{"line":57,"column":null}},"12":{"start":{"line":58,"column":0},"end":{"line":58,"column":null}},"13":{"start":{"line":62,"column":0},"end":{"line":65,"column":null}},"14":{"start":{"line":63,"column":0},"end":{"line":63,"column":null}},"15":{"start":{"line":64,"column":0},"end":{"line":64,"column":null}},"16":{"start":{"line":66,"column":0},"end":{"line":66,"column":null}},"17":{"start":{"line":67,"column":0},"end":{"line":67,"column":null}},"18":{"start":{"line":70,"column":0},"end":{"line":70,"column":null}}},"fnMap":{"0":{"name":"(anonymous_1)","decl":{"start":{"line":30,"column":0},"end":{"line":30,"column":null}},"loc":{"start":{"line":30,"column":0},"end":{"line":35,"column":null}}},"1":{"name":"(anonymous_2)","decl":{"start":{"line":37,"column":0},"end":{"line":37,"column":null}},"loc":{"start":{"line":37,"column":0},"end":{"line":46,"column":null}}},"2":{"name":"(anonymous_3)","decl":{"start":{"line":48,"column":0},"end":{"line":48,"column":null}},"loc":{"start":{"line":48,"column":0},"end":{"line":72,"column":null}}},"3":{"name":"(anonymous_4)","decl":{"start":{"line":52,"column":0},"end":{"line":52,"column":null}},"loc":{"start":{"line":53,"column":0},"end":{"line":55,"column":null}}},"4":{"name":"(anonymous_5)","decl":{"start":{"line":55,"column":0},"end":{"line":55,"column":null}},"loc":{"start":{"line":55,"column":0},"end":{"line":68,"column":null}}},"5":{"name":"(anonymous_6)","decl":{"start":{"line":68,"column":0},"end":{"line":68,"column":null}},"loc":{"start":{"line":68,"column":0},"end":{"line":71,"column":null}}}},"branchMap":{"0":{"loc":{"start":{"line":62,"column":0},"end":{"line":65,"column":null}},"type":"if","locations":[{"start":{"line":62,"column":0},"end":{"line":65,"column":null}},{"start":{"line":62,"column":0},"end":{"line":65,"column":null}}]}},"s":{"0":0,"1":0,"2":0,"3":0,"4":0,"5":0,"6":0,"7":0,"8":0,"9":0,"10":0,"11":0,"12":0,"13":0,"14":0,"15":0,"16":0,"17":0,"18":0},"f":{"0":0,"1":0,"2":0,"3":0,"4":0,"5":0},"b":{"0":[0,0]}}
,"/Users/j.baumann.aguilar/Code/diablo3-vue-platzi/src/views/Profile/ArtisansBlock/Index.vue": {"path":"/Users/j.baumann.aguilar/Code/diablo3-vue-platzi/src/views/Profile/ArtisansBlock/Index.vue","statementMap":{"0":{"start":{"line":15,"column":0},"end":{"line":15,"column":null}},"1":{"start":{"line":28,"column":0},"end":{"line":45,"column":null}}},"fnMap":{"0":{"name":"(anonymous_1)","decl":{"start":{"line":27,"column":0},"end":{"line":27,"column":null}},"loc":{"start":{"line":27,"column":0},"end":{"line":54,"column":null}}}},"branchMap":{},"s":{"0":0,"1":0},"f":{"0":0},"b":{}}
,"/Users/j.baumann.aguilar/Code/diablo3-vue-platzi/src/views/Profile/GridContainer/Index.vue": {"path":"/Users/j.baumann.aguilar/Code/diablo3-vue-platzi/src/views/Profile/GridContainer/Index.vue","statementMap":{"0":{"start":{"line":25,"column":0},"end":{"line":25,"column":null}},"1":{"start":{"line":26,"column":0},"end":{"line":26,"column":null}},"2":{"start":{"line":27,"column":0},"end":{"line":27,"column":null}},"3":{"start":{"line":28,"column":0},"end":{"line":28,"column":null}},"4":{"start":{"line":41,"column":0},"end":{"line":41,"column":null}},"5":{"start":{"line":44,"column":0},"end":{"line":44,"column":null}},"6":{"start":{"line":47,"column":0},"end":{"line":47,"column":null}},"7":{"start":{"line":50,"column":0},"end":{"line":50,"column":null}},"8":{"start":{"line":53,"column":0},"end":{"line":53,"column":null}},"9":{"start":{"line":54,"column":0},"end":{"line":54,"column":null}}},"fnMap":{"0":{"name":"(anonymous_1)","decl":{"start":{"line":40,"column":0},"end":{"line":40,"column":null}},"loc":{"start":{"line":40,"column":0},"end":{"line":42,"column":null}}},"1":{"name":"(anonymous_2)","decl":{"start":{"line":43,"column":0},"end":{"line":43,"column":null}},"loc":{"start":{"line":43,"column":0},"end":{"line":45,"column":null}}},"2":{"name":"(anonymous_3)","decl":{"start":{"line":46,"column":0},"end":{"line":46,"column":null}},"loc":{"start":{"line":46,"column":0},"end":{"line":48,"column":null}}},"3":{"name":"(anonymous_4)","decl":{"start":{"line":49,"column":0},"end":{"line":49,"column":null}},"loc":{"start":{"line":49,"column":0},"end":{"line":51,"column":null}}},"4":{"name":"(anonymous_5)","decl":{"start":{"line":52,"column":0},"end":{"line":52,"column":null}},"loc":{"start":{"line":52,"column":0},"end":{"line":55,"column":null}}}},"branchMap":{},"s":{"0":0,"1":0,"2":0,"3":0,"4":0,"5":0,"6":0,"7":0,"8":0,"9":0},"f":{"0":0,"1":0,"2":0,"3":0,"4":0},"b":{}}
,"/Users/j.baumann.aguilar/Code/diablo3-vue-platzi/src/views/Profile/GridContainer/ProgressBoss.vue": {"path":"/Users/j.baumann.aguilar/Code/diablo3-vue-platzi/src/views/Profile/GridContainer/ProgressBoss.vue","statementMap":{"0":{"start":{"line":15,"column":0},"end":{"line":15,"column":null}},"1":{"start":{"line":28,"column":0},"end":{"line":33,"column":null}},"2":{"start":{"line":31,"column":0},"end":{"line":31,"column":null}},"3":{"start":{"line":32,"column":0},"end":{"line":32,"column":null}}},"fnMap":{"0":{"name":"(anonymous_1)","decl":{"start":{"line":27,"column":0},"end":{"line":27,"column":null}},"loc":{"start":{"line":27,"column":0},"end":{"line":34,"column":null}}},"1":{"name":"(anonymous_2)","decl":{"start":{"line":28,"column":0},"end":{"line":28,"column":null}},"loc":{"start":{"line":28,"column":0},"end":{"line":33,"column":null}}}},"branchMap":{},"s":{"0":0,"1":0,"2":0,"3":0},"f":{"0":0,"1":0},"b":{}}
,"/Users/j.baumann.aguilar/Code/diablo3-vue-platzi/src/views/Profile/GridContainer/ProgressBossItem.vue": {"path":"/Users/j.baumann.aguilar/Code/diablo3-vue-platzi/src/views/Profile/GridContainer/ProgressBossItem.vue","statementMap":{"0":{"start":{"line":11,"column":0},"end":{"line":11,"column":null}},"1":{"start":{"line":26,"column":0},"end":{"line":26,"column":null}},"2":{"start":{"line":32,"column":0},"end":{"line":32,"column":null}},"3":{"start":{"line":35,"column":0},"end":{"line":35,"column":null}},"4":{"start":{"line":36,"column":0},"end":{"line":36,"column":null}}},"fnMap":{"0":{"name":"(anonymous_1)","decl":{"start":{"line":25,"column":0},"end":{"line":25,"column":null}},"loc":{"start":{"line":25,"column":0},"end":{"line":27,"column":null}}},"1":{"name":"(anonymous_2)","decl":{"start":{"line":31,"column":0},"end":{"line":31,"column":null}},"loc":{"start":{"line":31,"column":0},"end":{"line":33,"column":null}}},"2":{"name":"(anonymous_3)","decl":{"start":{"line":34,"column":0},"end":{"line":34,"column":null}},"loc":{"start":{"line":34,"column":0},"end":{"line":37,"column":null}}}},"branchMap":{"0":{"loc":{"start":{"line":35,"column":0},"end":{"line":35,"column":null}},"type":"cond-expr","locations":[{"start":{"line":35,"column":0},"end":{"line":35,"column":null}},{"start":{"line":35,"column":0},"end":{"line":35,"column":null}}]}},"s":{"0":0,"1":0,"2":0,"3":0,"4":0},"f":{"0":0,"1":0,"2":0},"b":{"0":[0,0]}}
,"/Users/j.baumann.aguilar/Code/diablo3-vue-platzi/src/views/Profile/GridContainer/HeroesList/HeroIco.vue": {"path":"/Users/j.baumann.aguilar/Code/diablo3-vue-platzi/src/views/Profile/GridContainer/HeroesList/HeroIco.vue","statementMap":{"0":{"start":{"line":13,"column":0},"end":{"line":13,"column":null}},"1":{"start":{"line":26,"column":0},"end":{"line":26,"column":null}},"2":{"start":{"line":27,"column":0},"end":{"line":27,"column":null}},"3":{"start":{"line":28,"column":0},"end":{"line":28,"column":null}}},"fnMap":{"0":{"name":"(anonymous_1)","decl":{"start":{"line":25,"column":0},"end":{"line":25,"column":null}},"loc":{"start":{"line":25,"column":0},"end":{"line":29,"column":null}}}},"branchMap":{"0":{"loc":{"start":{"line":26,"column":0},"end":{"line":26,"column":null}},"type":"cond-expr","locations":[{"start":{"line":26,"column":0},"end":{"line":26,"column":null}},{"start":{"line":26,"column":0},"end":{"line":26,"column":null}}]},"1":{"loc":{"start":{"line":27,"column":0},"end":{"line":27,"column":null}},"type":"cond-expr","locations":[{"start":{"line":27,"column":0},"end":{"line":27,"column":null}},{"start":{"line":27,"column":0},"end":{"line":27,"column":null}}]}},"s":{"0":0,"1":0,"2":0,"3":0},"f":{"0":0},"b":{"0":[0,0],"1":[0,0]}}
,"/Users/j.baumann.aguilar/Code/diablo3-vue-platzi/src/views/Profile/GridContainer/HeroesList/HeroName.vue": {"path":"/Users/j.baumann.aguilar/Code/diablo3-vue-platzi/src/views/Profile/GridContainer/HeroesList/HeroName.vue","statementMap":{"0":{"start":{"line":10,"column":0},"end":{"line":10,"column":null}}},"fnMap":{},"branchMap":{},"s":{"0":0},"f":{},"b":{}}
,"/Users/j.baumann.aguilar/Code/diablo3-vue-platzi/src/views/Profile/GridContainer/HeroesList/Index.vue": {"path":"/Users/j.baumann.aguilar/Code/diablo3-vue-platzi/src/views/Profile/GridContainer/HeroesList/Index.vue","statementMap":{"0":{"start":{"line":28,"column":0},"end":{"line":28,"column":null}},"1":{"start":{"line":30,"column":0},"end":{"line":30,"column":null}},"2":{"start":{"line":31,"column":0},"end":{"line":31,"column":null}},"3":{"start":{"line":46,"column":0},"end":{"line":46,"column":null}}},"fnMap":{"0":{"name":"(anonymous_1)","decl":{"start":{"line":45,"column":0},"end":{"line":45,"column":null}},"loc":{"start":{"line":45,"column":0},"end":{"line":65,"column":null}}}},"branchMap":{},"s":{"0":0,"1":0,"2":0,"3":0},"f":{"0":0},"b":{}}
,"/Users/j.baumann.aguilar/Code/diablo3-vue-platzi/src/views/Profile/GridContainer/MultiStats/Index.vue": {"path":"/Users/j.baumann.aguilar/Code/diablo3-vue-platzi/src/views/Profile/GridContainer/MultiStats/Index.vue","statementMap":{"0":{"start":{"line":30,"column":0},"end":{"line":30,"column":null}},"1":{"start":{"line":31,"column":0},"end":{"line":31,"column":null}},"2":{"start":{"line":32,"column":0},"end":{"line":32,"column":null}},"3":{"start":{"line":33,"column":0},"end":{"line":33,"column":null}},"4":{"start":{"line":47,"column":0},"end":{"line":49,"column":null}},"5":{"start":{"line":48,"column":0},"end":{"line":48,"column":null}}},"fnMap":{"0":{"name":"(anonymous_1)","decl":{"start":{"line":46,"column":0},"end":{"line":46,"column":null}},"loc":{"start":{"line":46,"column":0},"end":{"line":50,"column":null}}},"1":{"name":"(anonymous_2)","decl":{"start":{"line":47,"column":0},"end":{"line":47,"column":null}},"loc":{"start":{"line":47,"column":0},"end":{"line":49,"column":null}}}},"branchMap":{},"s":{"0":0,"1":0,"2":0,"3":0,"4":0,"5":0},"f":{"0":0,"1":0},"b":{}}
,"/Users/j.baumann.aguilar/Code/diablo3-vue-platzi/src/views/Profile/GridContainer/MultiStats/SingleStat.vue": {"path":"/Users/j.baumann.aguilar/Code/diablo3-vue-platzi/src/views/Profile/GridContainer/MultiStats/SingleStat.vue","statementMap":{"0":{"start":{"line":20,"column":0},"end":{"line":20,"column":null}}},"fnMap":{},"branchMap":{},"s":{"0":0},"f":{},"b":{}}
,"/Users/j.baumann.aguilar/Code/diablo3-vue-platzi/src/views/Profile/GridContainer/MultiStats/TimePlayed.vue": {"path":"/Users/j.baumann.aguilar/Code/diablo3-vue-platzi/src/views/Profile/GridContainer/MultiStats/TimePlayed.vue","statementMap":{"0":{"start":{"line":14,"column":0},"end":{"line":14,"column":null}}},"fnMap":{},"branchMap":{},"s":{"0":0},"f":{},"b":{}}
,"/Users/j.baumann.aguilar/Code/diablo3-vue-platzi/src/views/Profile/GridContainer/MultiStats/TimePlayedHero.vue": {"path":"/Users/j.baumann.aguilar/Code/diablo3-vue-platzi/src/views/Profile/GridContainer/MultiStats/TimePlayedHero.vue","statementMap":{"0":{"start":{"line":19,"column":0},"end":{"line":19,"column":null}},"1":{"start":{"line":31,"column":0},"end":{"line":31,"column":null}}},"fnMap":{"0":{"name":"(anonymous_1)","decl":{"start":{"line":30,"column":0},"end":{"line":30,"column":null}},"loc":{"start":{"line":30,"column":0},"end":{"line":32,"column":null}}}},"branchMap":{},"s":{"0":0,"1":0},"f":{"0":0},"b":{}}
,"/Users/j.baumann.aguilar/Code/diablo3-vue-platzi/src/views/Profile/GridContainer/TopHeroes/Index.vue": {"path":"/Users/j.baumann.aguilar/Code/diablo3-vue-platzi/src/views/Profile/GridContainer/TopHeroes/Index.vue","statementMap":{"0":{"start":{"line":13,"column":0},"end":{"line":13,"column":null}}},"fnMap":{},"branchMap":{},"s":{"0":0},"f":{},"b":{}}
,"/Users/j.baumann.aguilar/Code/diablo3-vue-platzi/src/views/Profile/GridContainer/TopHeroes/TopHero.vue": {"path":"/Users/j.baumann.aguilar/Code/diablo3-vue-platzi/src/views/Profile/GridContainer/TopHeroes/TopHero.vue","statementMap":{"0":{"start":{"line":24,"column":0},"end":{"line":24,"column":null}},"1":{"start":{"line":26,"column":0},"end":{"line":26,"column":null}},"2":{"start":{"line":42,"column":0},"end":{"line":42,"column":null}},"3":{"start":{"line":43,"column":0},"end":{"line":43,"column":null}}},"fnMap":{"0":{"name":"(anonymous_1)","decl":{"start":{"line":41,"column":0},"end":{"line":41,"column":null}},"loc":{"start":{"line":41,"column":0},"end":{"line":44,"column":null}}}},"branchMap":{"0":{"loc":{"start":{"line":42,"column":0},"end":{"line":42,"column":null}},"type":"cond-expr","locations":[{"start":{"line":42,"column":0},"end":{"line":42,"column":null}},{"start":{"line":42,"column":0},"end":{"line":42,"column":null}}]}},"s":{"0":0,"1":0,"2":0,"3":0},"f":{"0":0},"b":{"0":[0,0]}}
}
