TN:
SF:/Users/j.baumann.aguilar/Code/diablo3-vue-platzi/src/App.vue
FNF:0
FNH:0
DA:14,1
DA:16,1
DA:17,1
DA:18,1
LF:4
LH:4
BRF:0
BRH:0
end_of_record
TN:
SF:/Users/j.baumann.aguilar/Code/diablo3-vue-platzi/src/main.js
FN:25,(anonymous_0)
FN:29,(anonymous_1)
FN:34,(anonymous_2)
FNF:3
FNH:0
FNDA:0,(anonymous_0)
FNDA:0,(anonymous_1)
FNDA:0,(anonymous_2)
DA:19,0
DA:21,0
DA:26,0
DA:30,0
DA:34,0
LF:5
LH:0
BRF:0
BRH:0
end_of_record
TN:
SF:/Users/j.baumann.aguilar/Code/diablo3-vue-platzi/src/api/oauth.js
FN:15,getToken
FNF:1
FNH:1
FNDA:1,getToken
DA:4,1
DA:5,1
DA:7,1
DA:8,1
DA:16,1
DA:17,1
DA:18,1
DA:23,1
LF:8
LH:8
BRF:0
BRH:0
end_of_record
TN:
SF:/Users/j.baumann.aguilar/Code/diablo3-vue-platzi/src/api/search.js
FN:16,getApiAccount
FN:37,getApiHero
FN:58,getApiDetailedHeroItems
FNF:3
FNH:3
FNDA:1,getApiAccount
FNDA:1,getApiHero
FNDA:1,getApiDetailedHeroItems
DA:6,1
DA:7,1
DA:17,1
DA:18,1
DA:19,1
DA:21,1
DA:26,1
DA:38,1
DA:39,1
DA:40,1
DA:42,1
DA:47,1
DA:59,1
DA:60,1
DA:61,1
DA:63,1
DA:68,1
LF:17
LH:17
BRF:0
BRH:0
end_of_record
TN:
SF:/Users/j.baumann.aguilar/Code/diablo3-vue-platzi/src/api/season.js
FN:14,listSeasons
FNF:1
FNH:1
FNDA:3,listSeasons
DA:5,3
DA:6,3
DA:15,3
DA:16,3
DA:18,3
DA:22,3
LF:6
LH:6
BRF:0
BRH:0
end_of_record
TN:
SF:/Users/j.baumann.aguilar/Code/diablo3-vue-platzi/src/components/BaseLoading.vue
FN:18,(anonymous_1)
FN:36,(anonymous_2)
FNF:2
FNH:2
FNDA:2,(anonymous_1)
FNDA:2,(anonymous_2)
DA:20,2
DA:37,2
LF:2
LH:2
BRF:0
BRH:0
end_of_record
TN:
SF:/Users/j.baumann.aguilar/Code/diablo3-vue-platzi/src/components/FooterBar/Index.vue
FN:27,(anonymous_1)
FNF:1
FNH:1
FNDA:3,(anonymous_1)
DA:20,2
DA:21,2
DA:22,2
DA:28,3
LF:4
LH:4
BRF:0
BRH:0
end_of_record
TN:
SF:/Users/j.baumann.aguilar/Code/diablo3-vue-platzi/src/components/HeaderBar/BrandTitle.vue
FN:11,(anonymous_1)
FNF:1
FNH:0
FNDA:0,(anonymous_1)
DA:12,0
LF:1
LH:0
BRF:0
BRH:0
end_of_record
TN:
SF:/Users/j.baumann.aguilar/Code/diablo3-vue-platzi/src/components/HeaderBar/BreadcrumbBar.vue
FN:12,(anonymous_1)
FN:19,(anonymous_2)
FN:27,(anonymous_3)
FN:32,(anonymous_4)
FN:36,(anonymous_5)
FN:48,(anonymous_6)
FN:51,(anonymous_7)
FN:56,(anonymous_8)
FNF:8
FNH:0
FNDA:0,(anonymous_1)
FNDA:0,(anonymous_2)
FNDA:0,(anonymous_3)
FNDA:0,(anonymous_4)
FNDA:0,(anonymous_5)
FNDA:0,(anonymous_6)
FNDA:0,(anonymous_7)
FNDA:0,(anonymous_8)
DA:8,2
DA:13,0
DA:20,0
DA:28,0
DA:29,0
DA:33,0
DA:37,0
DA:39,0
DA:40,0
DA:42,0
DA:43,0
DA:45,0
DA:49,0
DA:52,0
DA:53,0
DA:54,0
DA:57,0
DA:58,0
DA:59,0
LF:19
LH:1
BRDA:38,0,0,0
BRDA:38,0,1,0
BRDA:38,0,2,0
BRF:3
BRH:0
end_of_record
TN:
SF:/Users/j.baumann.aguilar/Code/diablo3-vue-platzi/src/components/HeaderBar/Index.vue
FN:34,(anonymous_1)
FN:39,(anonymous_2)
FN:44,(anonymous_3)
FN:45,(anonymous_4)
FN:48,(anonymous_5)
FNF:5
FNH:3
FNDA:3,(anonymous_1)
FNDA:3,(anonymous_2)
FNDA:2,(anonymous_3)
FNDA:0,(anonymous_4)
FNDA:0,(anonymous_5)
DA:27,2
DA:28,2
DA:29,2
DA:35,3
DA:40,3
DA:41,3
DA:45,2
DA:47,0
DA:50,0
LF:9
LH:7
BRF:0
BRH:0
end_of_record
TN:
SF:/Users/j.baumann.aguilar/Code/diablo3-vue-platzi/src/directives/diablo.js
FN:14,(anonymous_0)
FNF:1
FNH:0
FNDA:0,(anonymous_0)
DA:15,0
DA:18,0
DA:21,0
DA:22,0
DA:23,0
DA:26,0
DA:30,0
DA:32,0
DA:33,0
DA:35,0
DA:36,0
DA:37,0
DA:38,0
DA:39,0
DA:40,0
LF:15
LH:0
BRDA:21,0,0,0
BRDA:21,0,1,0
BRDA:22,1,0,0
BRDA:22,1,1,0
BRDA:30,2,0,0
BRDA:30,2,1,0
BRDA:32,3,0,0
BRDA:32,3,1,0
BRDA:35,4,0,0
BRDA:35,4,1,0
BRDA:38,5,0,0
BRDA:38,5,1,0
BRF:12
BRH:0
end_of_record
TN:
SF:/Users/j.baumann.aguilar/Code/diablo3-vue-platzi/src/directives/focus.js
FN:3,(anonymous_0)
FNF:1
FNH:0
FNDA:0,(anonymous_0)
DA:4,0
LF:1
LH:0
BRF:0
BRH:0
end_of_record
TN:
SF:/Users/j.baumann.aguilar/Code/diablo3-vue-platzi/src/directives/index.js
FNF:0
FNH:0
DA:6,0
DA:8,0
LF:2
LH:0
BRF:0
BRH:0
end_of_record
TN:
SF:/Users/j.baumann.aguilar/Code/diablo3-vue-platzi/src/filters/numeral.js
FN:3,(anonymous_0)
FNF:1
FNH:0
FNDA:0,(anonymous_0)
DA:3,0
DA:4,0
DA:5,0
DA:7,0
LF:4
LH:0
BRDA:4,0,0,0
BRDA:4,0,1,0
BRF:2
BRH:0
end_of_record
TN:
SF:/Users/j.baumann.aguilar/Code/diablo3-vue-platzi/src/layouts/MainLayout.vue
FNF:0
FNH:0
DA:15,1
DA:16,1
LF:2
LH:2
BRF:0
BRH:0
end_of_record
TN:
SF:/Users/j.baumann.aguilar/Code/diablo3-vue-platzi/src/mixins/goToHero.js
FN:7,(anonymous_0)
FNF:1
FNH:0
FNDA:0,(anonymous_0)
DA:8,0
DA:9,0
LF:2
LH:0
BRF:0
BRH:0
end_of_record
TN:
SF:/Users/j.baumann.aguilar/Code/diablo3-vue-platzi/src/mixins/heroName.js
FN:5,(anonymous_0)
FNF:1
FNH:0
FNDA:0,(anonymous_0)
DA:6,0
LF:1
LH:0
BRF:0
BRH:0
end_of_record
TN:
SF:/Users/j.baumann.aguilar/Code/diablo3-vue-platzi/src/mixins/notFoundErr.js
FN:12,(anonymous_0)
FNF:1
FNH:0
FNDA:0,(anonymous_0)
DA:13,0
LF:1
LH:0
BRF:0
BRH:0
end_of_record
TN:
SF:/Users/j.baumann.aguilar/Code/diablo3-vue-platzi/src/mixins/resources.js
FN:28,(anonymous_0)
FN:36,(anonymous_1)
FNF:2
FNH:0
FNDA:0,(anonymous_0)
FNDA:0,(anonymous_1)
DA:1,0
DA:11,0
DA:29,0
DA:37,0
LF:4
LH:0
BRF:0
BRH:0
end_of_record
TN:
SF:/Users/j.baumann.aguilar/Code/diablo3-vue-platzi/src/plugins/bootstrapVue.js
FNF:0
FNH:0
DA:7,0
LF:1
LH:0
BRF:0
BRH:0
end_of_record
TN:
SF:/Users/j.baumann.aguilar/Code/diablo3-vue-platzi/src/plugins/fontAwesome.js
FNF:0
FNH:0
DA:8,0
DA:23,0
LF:2
LH:0
BRF:0
BRH:0
end_of_record
TN:
SF:/Users/j.baumann.aguilar/Code/diablo3-vue-platzi/src/router/index.js
FN:15,(anonymous_0)
FN:18,(anonymous_1)
FNF:2
FNH:1
FNDA:24,(anonymous_0)
FNDA:0,(anonymous_1)
DA:4,4
DA:6,4
DA:15,4
DA:16,24
DA:18,0
DA:22,4
LF:6
LH:5
BRF:0
BRH:0
end_of_record
TN:
SF:/Users/j.baumann.aguilar/Code/diablo3-vue-platzi/src/store/index.js
FNF:0
FNH:0
DA:8,4
LF:1
LH:1
BRF:0
BRH:0
end_of_record
TN:
SF:/Users/j.baumann.aguilar/Code/diablo3-vue-platzi/src/store/modules/error.js
FN:7,(anonymous_0)
FNF:1
FNH:0
FNDA:0,(anonymous_0)
DA:8,0
LF:1
LH:0
BRF:0
BRH:0
end_of_record
TN:
SF:/Users/j.baumann.aguilar/Code/diablo3-vue-platzi/src/store/modules/loading.js
FN:7,(anonymous_0)
FNF:1
FNH:0
FNDA:0,(anonymous_0)
DA:8,0
LF:1
LH:0
BRF:0
BRH:0
end_of_record
TN:
SF:/Users/j.baumann.aguilar/Code/diablo3-vue-platzi/src/store/modules/oauth.js
FN:13,(anonymous_0)
FN:18,(anonymous_1)
FN:29,(anonymous_2)
FN:32,(anonymous_3)
FN:44,(anonymous_4)
FN:50,(anonymous_5)
FNF:6
FNH:0
FNDA:0,(anonymous_0)
FNDA:0,(anonymous_1)
FNDA:0,(anonymous_2)
FNDA:0,(anonymous_3)
FNDA:0,(anonymous_4)
FNDA:0,(anonymous_5)
DA:4,4
DA:5,4
DA:14,0
DA:19,0
DA:21,0
DA:22,0
DA:23,0
DA:28,0
DA:30,0
DA:33,0
DA:34,0
DA:37,0
DA:38,0
DA:39,0
DA:41,0
DA:42,0
DA:45,0
DA:51,0
DA:52,0
LF:19
LH:2
BRDA:37,0,0,0
BRDA:37,0,1,0
BRF:2
BRH:0
end_of_record
TN:
SF:/Users/j.baumann.aguilar/Code/diablo3-vue-platzi/src/utils/heroClasses.js
FNF:0
FNH:0
DA:1,0
LF:1
LH:0
BRF:0
BRH:0
end_of_record
TN:
SF:/Users/j.baumann.aguilar/Code/diablo3-vue-platzi/src/utils/regions.js
FNF:0
FNH:0
DA:3,1
DA:5,1
LF:2
LH:2
BRF:0
BRH:0
end_of_record
TN:
SF:/Users/j.baumann.aguilar/Code/diablo3-vue-platzi/src/utils/typeValidation.js
FN:8,HeroData
FNF:1
FNH:0
FNDA:0,HeroData
DA:9,0
DA:10,0
DA:11,0
LF:3
LH:0
BRF:0
BRH:0
end_of_record
TN:
SF:/Users/j.baumann.aguilar/Code/diablo3-vue-platzi/src/views/Error/Index.vue
FN:46,(anonymous_1)
FNF:1
FNH:0
FNDA:0,(anonymous_1)
DA:35,0
DA:36,0
DA:48,0
DA:49,0
LF:4
LH:0
BRF:0
BRH:0
end_of_record
TN:
SF:/Users/j.baumann.aguilar/Code/diablo3-vue-platzi/src/views/Hero/HeroDetailHeader.vue
FN:62,(anonymous_1)
FNF:1
FNH:0
FNDA:0,(anonymous_1)
DA:50,0
DA:63,0
DA:64,0
LF:3
LH:0
BRDA:63,0,0,0
BRDA:63,0,1,0
BRF:2
BRH:0
end_of_record
TN:
SF:/Users/j.baumann.aguilar/Code/diablo3-vue-platzi/src/views/Hero/Index.vue
FN:39,(anonymous_1)
FN:48,(anonymous_2)
FN:73,(anonymous_3)
FN:77,(anonymous_4)
FN:82,(anonymous_5)
FN:85,(anonymous_6)
FN:98,(anonymous_7)
FN:103,(anonymous_8)
FN:106,(anonymous_9)
FN:110,(anonymous_10)
FNF:10
FNH:0
FNDA:0,(anonymous_1)
FNDA:0,(anonymous_2)
FNDA:0,(anonymous_3)
FNDA:0,(anonymous_4)
FNDA:0,(anonymous_5)
FNDA:0,(anonymous_6)
FNDA:0,(anonymous_7)
FNDA:0,(anonymous_8)
FNDA:0,(anonymous_9)
FNDA:0,(anonymous_10)
DA:27,0
DA:28,0
DA:29,0
DA:30,0
DA:31,0
DA:32,0
DA:33,0
DA:40,0
DA:49,0
DA:61,0
DA:74,0
DA:78,0
DA:79,0
DA:80,0
DA:82,0
DA:84,0
DA:87,0
DA:88,0
DA:92,0
DA:93,0
DA:94,0
DA:96,0
DA:97,0
DA:100,0
DA:103,0
DA:105,0
DA:108,0
DA:109,0
DA:112,0
LF:29
LH:0
BRDA:92,0,0,0
BRDA:92,0,1,0
BRF:2
BRH:0
end_of_record
TN:
SF:/Users/j.baumann.aguilar/Code/diablo3-vue-platzi/src/views/Hero/GearBonuses/AttributeList.vue
FNF:0
FNH:0
DA:13,0
LF:1
LH:0
BRF:0
BRH:0
end_of_record
TN:
SF:/Users/j.baumann.aguilar/Code/diablo3-vue-platzi/src/views/Hero/GearBonuses/HeroResources.vue
FN:57,(anonymous_1)
FN:60,(anonymous_2)
FN:63,(anonymous_3)
FNF:3
FNH:0
FNDA:0,(anonymous_1)
FNDA:0,(anonymous_2)
FNDA:0,(anonymous_3)
DA:41,0
DA:42,0
DA:58,0
DA:61,0
DA:64,0
LF:5
LH:0
BRF:0
BRH:0
end_of_record
TN:
SF:/Users/j.baumann.aguilar/Code/diablo3-vue-platzi/src/views/Hero/GearBonuses/Index.vue
FN:49,(anonymous_1)
FN:50,(anonymous_2)
FN:52,(anonymous_3)
FN:53,(anonymous_4)
FN:55,(anonymous_5)
FN:60,(anonymous_6)
FNF:6
FNH:0
FNDA:0,(anonymous_1)
FNDA:0,(anonymous_2)
FNDA:0,(anonymous_3)
FNDA:0,(anonymous_4)
FNDA:0,(anonymous_5)
FNDA:0,(anonymous_6)
DA:32,0
DA:33,0
DA:35,0
DA:36,0
DA:37,0
DA:50,0
DA:53,0
DA:56,0
DA:60,0
DA:61,0
DA:63,0
LF:11
LH:0
BRF:0
BRH:0
end_of_record
TN:
SF:/Users/j.baumann.aguilar/Code/diablo3-vue-platzi/src/views/Hero/HeroItems/Index.vue
FN:128,(anonymous_1)
FNF:1
FNH:0
FNDA:0,(anonymous_1)
DA:74,0
DA:76,0
DA:130,0
LF:3
LH:0
BRF:0
BRH:0
end_of_record
TN:
SF:/Users/j.baumann.aguilar/Code/diablo3-vue-platzi/src/views/Hero/HeroItems/ItemDetail.vue
FN:46,(anonymous_1)
FN:50,(anonymous_2)
FN:53,(anonymous_3)
FN:56,(anonymous_4)
FNF:4
FNH:0
FNDA:0,(anonymous_1)
FNDA:0,(anonymous_2)
FNDA:0,(anonymous_3)
FNDA:0,(anonymous_4)
DA:34,0
DA:47,0
DA:48,0
DA:51,0
DA:54,0
DA:57,0
DA:58,0
DA:60,0
LF:8
LH:0
BRDA:41,0,0,0
BRDA:41,0,1,0
BRDA:54,1,0,0
BRDA:54,1,1,0
BRDA:57,2,0,0
BRDA:57,2,1,0
BRF:6
BRH:0
end_of_record
TN:
SF:/Users/j.baumann.aguilar/Code/diablo3-vue-platzi/src/views/Hero/HeroItems/ItemDetailGem.vue
FN:15,(anonymous_1)
FNF:1
FNH:0
FNDA:0,(anonymous_1)
DA:16,0
DA:17,0
LF:2
LH:0
BRF:0
BRH:0
end_of_record
TN:
SF:/Users/j.baumann.aguilar/Code/diablo3-vue-platzi/src/views/Hero/Skills/ActiveSkill.vue
FN:38,(anonymous_1)
FN:43,(anonymous_2)
FNF:2
FNH:0
FNDA:0,(anonymous_1)
FNDA:0,(anonymous_2)
DA:39,0
DA:40,0
DA:41,0
DA:44,0
LF:4
LH:0
BRDA:34,0,0,0
BRDA:34,0,1,0
BRF:2
BRH:0
end_of_record
TN:
SF:/Users/j.baumann.aguilar/Code/diablo3-vue-platzi/src/views/Hero/Skills/ActiveSkills.vue
FNF:0
FNH:0
DA:17,0
LF:1
LH:0
BRF:0
BRH:0
end_of_record
TN:
SF:/Users/j.baumann.aguilar/Code/diablo3-vue-platzi/src/views/Hero/Skills/Index.vue
FN:30,(anonymous_1)
FN:31,(anonymous_3)
FN:39,(anonymous_5)
FN:49,(anonymous_6)
FN:52,(anonymous_7)
FN:57,(anonymous_8)
FNF:6
FNH:0
FNDA:0,(anonymous_1)
FNDA:0,(anonymous_3)
FNDA:0,(anonymous_5)
FNDA:0,(anonymous_6)
FNDA:0,(anonymous_7)
FNDA:0,(anonymous_8)
DA:30,0
DA:31,0
DA:40,0
DA:50,0
DA:53,0
DA:58,0
LF:6
LH:0
BRDA:50,0,0,0
BRDA:50,0,1,0
BRF:2
BRH:0
end_of_record
TN:
SF:/Users/j.baumann.aguilar/Code/diablo3-vue-platzi/src/views/Hero/Skills/PassiveSkill.vue
FN:26,(anonymous_1)
FNF:1
FNH:0
FNDA:0,(anonymous_1)
DA:27,0
DA:28,0
DA:29,0
LF:3
LH:0
BRF:0
BRH:0
end_of_record
TN:
SF:/Users/j.baumann.aguilar/Code/diablo3-vue-platzi/src/views/Hero/Skills/PassiveSkills.vue
FNF:0
FNH:0
DA:15,0
LF:1
LH:0
BRF:0
BRH:0
end_of_record
TN:
SF:/Users/j.baumann.aguilar/Code/diablo3-vue-platzi/src/views/Home/HomeForm.vue
FN:52,(anonymous_1)
FN:61,(anonymous_2)
FN:62,(anonymous_3)
FN:66,(anonymous_4)
FNF:4
FNH:0
FNDA:0,(anonymous_1)
FNDA:0,(anonymous_2)
FNDA:0,(anonymous_3)
FNDA:0,(anonymous_4)
DA:48,0
DA:53,0
DA:62,0
DA:67,0
DA:68,0
LF:5
LH:0
BRF:0
BRH:0
end_of_record
TN:
SF:/Users/j.baumann.aguilar/Code/diablo3-vue-platzi/src/views/Home/Index.vue
FNF:0
FNH:0
DA:12,0
DA:13,0
LF:2
LH:0
BRF:0
BRH:0
end_of_record
TN:
SF:/Users/j.baumann.aguilar/Code/diablo3-vue-platzi/src/views/Profile/Index.vue
FN:30,(anonymous_1)
FN:37,(anonymous_2)
FN:48,(anonymous_3)
FN:52,(anonymous_4)
FN:55,(anonymous_5)
FN:68,(anonymous_6)
FNF:6
FNH:0
FNDA:0,(anonymous_1)
FNDA:0,(anonymous_2)
FNDA:0,(anonymous_3)
FNDA:0,(anonymous_4)
FNDA:0,(anonymous_5)
FNDA:0,(anonymous_6)
DA:19,0
DA:20,0
DA:22,0
DA:23,0
DA:24,0
DA:31,0
DA:38,0
DA:49,0
DA:50,0
DA:52,0
DA:54,0
DA:57,0
DA:58,0
DA:62,0
DA:63,0
DA:64,0
DA:66,0
DA:67,0
DA:70,0
LF:19
LH:0
BRDA:62,0,0,0
BRDA:62,0,1,0
BRF:2
BRH:0
end_of_record
TN:
SF:/Users/j.baumann.aguilar/Code/diablo3-vue-platzi/src/views/Profile/ArtisansBlock/Index.vue
FN:27,(anonymous_1)
FNF:1
FNH:0
FNDA:0,(anonymous_1)
DA:15,0
DA:28,0
LF:2
LH:0
BRF:0
BRH:0
end_of_record
TN:
SF:/Users/j.baumann.aguilar/Code/diablo3-vue-platzi/src/views/Profile/GridContainer/Index.vue
FN:40,(anonymous_1)
FN:43,(anonymous_2)
FN:46,(anonymous_3)
FN:49,(anonymous_4)
FN:52,(anonymous_5)
FNF:5
FNH:0
FNDA:0,(anonymous_1)
FNDA:0,(anonymous_2)
FNDA:0,(anonymous_3)
FNDA:0,(anonymous_4)
FNDA:0,(anonymous_5)
DA:25,0
DA:26,0
DA:27,0
DA:28,0
DA:41,0
DA:44,0
DA:47,0
DA:50,0
DA:53,0
DA:54,0
LF:10
LH:0
BRF:0
BRH:0
end_of_record
TN:
SF:/Users/j.baumann.aguilar/Code/diablo3-vue-platzi/src/views/Profile/GridContainer/ProgressBoss.vue
FN:27,(anonymous_1)
FN:28,(anonymous_2)
FNF:2
FNH:0
FNDA:0,(anonymous_1)
FNDA:0,(anonymous_2)
DA:15,0
DA:28,0
DA:31,0
DA:32,0
LF:4
LH:0
BRF:0
BRH:0
end_of_record
TN:
SF:/Users/j.baumann.aguilar/Code/diablo3-vue-platzi/src/views/Profile/GridContainer/ProgressBossItem.vue
FN:25,(anonymous_1)
FN:31,(anonymous_2)
FN:34,(anonymous_3)
FNF:3
FNH:0
FNDA:0,(anonymous_1)
FNDA:0,(anonymous_2)
FNDA:0,(anonymous_3)
DA:11,0
DA:26,0
DA:32,0
DA:35,0
DA:36,0
LF:5
LH:0
BRDA:35,0,0,0
BRDA:35,0,1,0
BRF:2
BRH:0
end_of_record
TN:
SF:/Users/j.baumann.aguilar/Code/diablo3-vue-platzi/src/views/Profile/GridContainer/HeroesList/HeroIco.vue
FN:25,(anonymous_1)
FNF:1
FNH:0
FNDA:0,(anonymous_1)
DA:13,0
DA:26,0
DA:27,0
DA:28,0
LF:4
LH:0
BRDA:26,0,0,0
BRDA:26,0,1,0
BRDA:27,1,0,0
BRDA:27,1,1,0
BRF:4
BRH:0
end_of_record
TN:
SF:/Users/j.baumann.aguilar/Code/diablo3-vue-platzi/src/views/Profile/GridContainer/HeroesList/HeroName.vue
FNF:0
FNH:0
DA:10,0
LF:1
LH:0
BRF:0
BRH:0
end_of_record
TN:
SF:/Users/j.baumann.aguilar/Code/diablo3-vue-platzi/src/views/Profile/GridContainer/HeroesList/Index.vue
FN:45,(anonymous_1)
FNF:1
FNH:0
FNDA:0,(anonymous_1)
DA:28,0
DA:30,0
DA:31,0
DA:46,0
LF:4
LH:0
BRF:0
BRH:0
end_of_record
TN:
SF:/Users/j.baumann.aguilar/Code/diablo3-vue-platzi/src/views/Profile/GridContainer/MultiStats/Index.vue
FN:46,(anonymous_1)
FN:47,(anonymous_2)
FNF:2
FNH:0
FNDA:0,(anonymous_1)
FNDA:0,(anonymous_2)
DA:30,0
DA:31,0
DA:32,0
DA:33,0
DA:47,0
DA:48,0
LF:6
LH:0
BRF:0
BRH:0
end_of_record
TN:
SF:/Users/j.baumann.aguilar/Code/diablo3-vue-platzi/src/views/Profile/GridContainer/MultiStats/SingleStat.vue
FNF:0
FNH:0
DA:20,0
LF:1
LH:0
BRF:0
BRH:0
end_of_record
TN:
SF:/Users/j.baumann.aguilar/Code/diablo3-vue-platzi/src/views/Profile/GridContainer/MultiStats/TimePlayed.vue
FNF:0
FNH:0
DA:14,0
LF:1
LH:0
BRF:0
BRH:0
end_of_record
TN:
SF:/Users/j.baumann.aguilar/Code/diablo3-vue-platzi/src/views/Profile/GridContainer/MultiStats/TimePlayedHero.vue
FN:30,(anonymous_1)
FNF:1
FNH:0
FNDA:0,(anonymous_1)
DA:19,0
DA:31,0
LF:2
LH:0
BRF:0
BRH:0
end_of_record
TN:
SF:/Users/j.baumann.aguilar/Code/diablo3-vue-platzi/src/views/Profile/GridContainer/TopHeroes/Index.vue
FNF:0
FNH:0
DA:13,0
LF:1
LH:0
BRF:0
BRH:0
end_of_record
TN:
SF:/Users/j.baumann.aguilar/Code/diablo3-vue-platzi/src/views/Profile/GridContainer/TopHeroes/TopHero.vue
FN:41,(anonymous_1)
FNF:1
FNH:0
FNDA:0,(anonymous_1)
DA:24,0
DA:26,0
DA:42,0
DA:43,0
LF:4
LH:0
BRDA:42,0,0,0
BRDA:42,0,1,0
BRF:2
BRH:0
end_of_record
